        -:    0:Source:shell.c
        -:    0:Graph:sqlite3-shell.gcno
        -:    0:Data:sqlite3-shell.gcda
        -:    0:Runs:2
        -:    1:/* DO NOT EDIT!
        -:    2:** This file is automatically generated by the script in the canonical
        -:    3:** SQLite source tree at tool/mkshellc.tcl.  That script combines source
        -:    4:** code from various constituent source files of SQLite into this single
        -:    5:** "shell.c" file used to implement the SQLite command-line shell.
        -:    6:**
        -:    7:** Most of the code found below comes from the "src/shell.c.in" file in
        -:    8:** the canonical SQLite source tree.  That main file contains "INCLUDE"
        -:    9:** lines that specify other files in the canonical source tree that are
        -:   10:** inserted to getnerate this complete program source file.
        -:   11:**
        -:   12:** The code from multiple files is combined into this single "shell.c"
        -:   13:** source file to help make the command-line program easier to compile.
        -:   14:**
        -:   15:** To modify this program, get a copy of the canonical SQLite source tree,
        -:   16:** edit the src/shell.c.in" and/or some of the other files that are included
        -:   17:** by "src/shell.c.in", then rerun the tool/mkshellc.tcl script.
        -:   18:*/
        -:   19:/*
        -:   20:** 2001 September 15
        -:   21:**
        -:   22:** The author disclaims copyright to this source code.  In place of
        -:   23:** a legal notice, here is a blessing:
        -:   24:**
        -:   25:**    May you do good and not evil.
        -:   26:**    May you find forgiveness for yourself and forgive others.
        -:   27:**    May you share freely, never taking more than you give.
        -:   28:**
        -:   29:*************************************************************************
        -:   30:** This file contains code to implement the "sqlite" command line
        -:   31:** utility for accessing SQLite databases.
        -:   32:*/
        -:   33:#if (defined(_WIN32) || defined(WIN32)) && !defined(_CRT_SECURE_NO_WARNINGS)
        -:   34:/* This needs to come before any includes for MSVC compiler */
        -:   35:#define _CRT_SECURE_NO_WARNINGS
        -:   36:#endif
        -:   37:
        -:   38:/*
        -:   39:** Warning pragmas copied from msvc.h in the core.
        -:   40:*/
        -:   41:#if defined(_MSC_VER)
        -:   42:#pragma warning(disable : 4054)
        -:   43:#pragma warning(disable : 4055)
        -:   44:#pragma warning(disable : 4100)
        -:   45:#pragma warning(disable : 4127)
        -:   46:#pragma warning(disable : 4130)
        -:   47:#pragma warning(disable : 4152)
        -:   48:#pragma warning(disable : 4189)
        -:   49:#pragma warning(disable : 4206)
        -:   50:#pragma warning(disable : 4210)
        -:   51:#pragma warning(disable : 4232)
        -:   52:#pragma warning(disable : 4244)
        -:   53:#pragma warning(disable : 4305)
        -:   54:#pragma warning(disable : 4306)
        -:   55:#pragma warning(disable : 4702)
        -:   56:#pragma warning(disable : 4706)
        -:   57:#endif /* defined(_MSC_VER) */
        -:   58:
        -:   59:/*
        -:   60:** No support for loadable extensions in VxWorks.
        -:   61:*/
        -:   62:#if (defined(__RTP__) || defined(_WRS_KERNEL)) && !SQLITE_OMIT_LOAD_EXTENSION
        -:   63:# define SQLITE_OMIT_LOAD_EXTENSION 1
        -:   64:#endif
        -:   65:
        -:   66:/*
        -:   67:** Enable large-file support for fopen() and friends on unix.
        -:   68:*/
        -:   69:#ifndef SQLITE_DISABLE_LFS
        -:   70:# define _LARGE_FILE       1
        -:   71:# ifndef _FILE_OFFSET_BITS
        -:   72:#   define _FILE_OFFSET_BITS 64
        -:   73:# endif
        -:   74:# define _LARGEFILE_SOURCE 1
        -:   75:#endif
        -:   76:
        -:   77:#include <stdlib.h>
        -:   78:#include <string.h>
        -:   79:#include <stdio.h>
        -:   80:#include <assert.h>
        -:   81:#include "sqlite3.h"
        -:   82:typedef sqlite3_int64 i64;
        -:   83:typedef sqlite3_uint64 u64;
        -:   84:typedef unsigned char u8;
        -:   85:#if SQLITE_USER_AUTHENTICATION
        -:   86:# include "sqlite3userauth.h"
        -:   87:#endif
        -:   88:#include <ctype.h>
        -:   89:#include <stdarg.h>
        -:   90:
        -:   91:#if !defined(_WIN32) && !defined(WIN32)
        -:   92:# include <signal.h>
        -:   93:# if !defined(__RTP__) && !defined(_WRS_KERNEL)
        -:   94:#  include <pwd.h>
        -:   95:# endif
        -:   96:#endif
        -:   97:#if (!defined(_WIN32) && !defined(WIN32)) || defined(__MINGW32__)
        -:   98:# include <unistd.h>
        -:   99:# include <dirent.h>
        -:  100:# define GETPID getpid
        -:  101:# if defined(__MINGW32__)
        -:  102:#  define DIRENT dirent
        -:  103:#  ifndef S_ISLNK
        -:  104:#   define S_ISLNK(mode) (0)
        -:  105:#  endif
        -:  106:# endif
        -:  107:#else
        -:  108:# define GETPID (int)GetCurrentProcessId
        -:  109:#endif
        -:  110:#include <sys/types.h>
        -:  111:#include <sys/stat.h>
        -:  112:
        -:  113:#if HAVE_READLINE
        -:  114:# include <readline/readline.h>
        -:  115:# include <readline/history.h>
        -:  116:#endif
        -:  117:
        -:  118:#if HAVE_EDITLINE
        -:  119:# include <editline/readline.h>
        -:  120:#endif
        -:  121:
        -:  122:#if HAVE_EDITLINE || HAVE_READLINE
        -:  123:
        -:  124:# define shell_add_history(X) add_history(X)
        -:  125:# define shell_read_history(X) read_history(X)
        -:  126:# define shell_write_history(X) write_history(X)
        -:  127:# define shell_stifle_history(X) stifle_history(X)
        -:  128:# define shell_readline(X) readline(X)
        -:  129:
        -:  130:#elif HAVE_LINENOISE
        -:  131:
        -:  132:# include "linenoise.h"
        -:  133:# define shell_add_history(X) linenoiseHistoryAdd(X)
        -:  134:# define shell_read_history(X) linenoiseHistoryLoad(X)
        -:  135:# define shell_write_history(X) linenoiseHistorySave(X)
        -:  136:# define shell_stifle_history(X) linenoiseHistorySetMaxLen(X)
        -:  137:# define shell_readline(X) linenoise(X)
        -:  138:
        -:  139:#else
        -:  140:
        -:  141:# define shell_read_history(X)
        -:  142:# define shell_write_history(X)
        -:  143:# define shell_stifle_history(X)
        -:  144:
        -:  145:# define SHELL_USE_LOCAL_GETLINE 1
        -:  146:#endif
        -:  147:
        -:  148:
        -:  149:#if defined(_WIN32) || defined(WIN32)
        -:  150:# include <io.h>
        -:  151:# include <fcntl.h>
        -:  152:# define isatty(h) _isatty(h)
        -:  153:# ifndef access
        -:  154:#  define access(f,m) _access((f),(m))
        -:  155:# endif
        -:  156:# ifndef unlink
        -:  157:#  define unlink _unlink
        -:  158:# endif
        -:  159:# undef popen
        -:  160:# define popen _popen
        -:  161:# undef pclose
        -:  162:# define pclose _pclose
        -:  163:#else
        -:  164: /* Make sure isatty() has a prototype. */
        -:  165: extern int isatty(int);
        -:  166:
        -:  167:# if !defined(__RTP__) && !defined(_WRS_KERNEL)
        -:  168:  /* popen and pclose are not C89 functions and so are
        -:  169:  ** sometimes omitted from the <stdio.h> header */
        -:  170:   extern FILE *popen(const char*,const char*);
        -:  171:   extern int pclose(FILE*);
        -:  172:# else
        -:  173:#  define SQLITE_OMIT_POPEN 1
        -:  174:# endif
        -:  175:#endif
        -:  176:
        -:  177:#if defined(_WIN32_WCE)
        -:  178:/* Windows CE (arm-wince-mingw32ce-gcc) does not provide isatty()
        -:  179: * thus we always assume that we have a console. That can be
        -:  180: * overridden with the -batch command line option.
        -:  181: */
        -:  182:#define isatty(x) 1
        -:  183:#endif
        -:  184:
        -:  185:/* ctype macros that work with signed characters */
        -:  186:#define IsSpace(X)  isspace((unsigned char)X)
        -:  187:#define IsDigit(X)  isdigit((unsigned char)X)
        -:  188:#define ToLower(X)  (char)tolower((unsigned char)X)
        -:  189:
        -:  190:#if defined(_WIN32) || defined(WIN32)
        -:  191:#include <windows.h>
        -:  192:
        -:  193:/* string conversion routines only needed on Win32 */
        -:  194:extern char *sqlite3_win32_unicode_to_utf8(LPCWSTR);
        -:  195:extern char *sqlite3_win32_mbcs_to_utf8_v2(const char *, int);
        -:  196:extern char *sqlite3_win32_utf8_to_mbcs_v2(const char *, int);
        -:  197:extern LPWSTR sqlite3_win32_utf8_to_unicode(const char *zText);
        -:  198:#endif
        -:  199:
        -:  200:/* On Windows, we normally run with output mode of TEXT so that \n characters
        -:  201:** are automatically translated into \r\n.  However, this behavior needs
        -:  202:** to be disabled in some cases (ex: when generating CSV output and when
        -:  203:** rendering quoted strings that contain \n characters).  The following
        -:  204:** routines take care of that.
        -:  205:*/
        -:  206:#if defined(_WIN32) || defined(WIN32)
        -:  207:static void setBinaryMode(FILE *file, int isOutput){
        -:  208:  if( isOutput ) fflush(file);
        -:  209:  _setmode(_fileno(file), _O_BINARY);
        -:  210:}
        -:  211:static void setTextMode(FILE *file, int isOutput){
        -:  212:  if( isOutput ) fflush(file);
        -:  213:  _setmode(_fileno(file), _O_TEXT);
        -:  214:}
        -:  215:#else
        -:  216:# define setBinaryMode(X,Y)
        -:  217:# define setTextMode(X,Y)
        -:  218:#endif
        -:  219:
        -:  220:
        -:  221:/* True if the timer is enabled */
        -:  222:static int enableTimer = 0;
        -:  223:
        -:  224:/* Return the current wall-clock time */
    #####:  225:static sqlite3_int64 timeOfDay(void){
        -:  226:  static sqlite3_vfs *clockVfs = 0;
        -:  227:  sqlite3_int64 t;
    #####:  228:  if( clockVfs==0 ) clockVfs = sqlite3_vfs_find(0);
    #####:  229:  if( clockVfs->iVersion>=2 && clockVfs->xCurrentTimeInt64!=0 ){
    #####:  230:    clockVfs->xCurrentTimeInt64(clockVfs, &t);
        -:  231:  }else{
        -:  232:    double r;
    #####:  233:    clockVfs->xCurrentTime(clockVfs, &r);
    #####:  234:    t = (sqlite3_int64)(r*86400000.0);
        -:  235:  }
    #####:  236:  return t;
        -:  237:}
        -:  238:
        -:  239:#if !defined(_WIN32) && !defined(WIN32) && !defined(__minux)
        -:  240:#include <sys/time.h>
        -:  241:#include <sys/resource.h>
        -:  242:
        -:  243:/* VxWorks does not support getrusage() as far as we can determine */
        -:  244:#if defined(_WRS_KERNEL) || defined(__RTP__)
        -:  245:struct rusage {
        -:  246:  struct timeval ru_utime; /* user CPU time used */
        -:  247:  struct timeval ru_stime; /* system CPU time used */
        -:  248:};
        -:  249:#define getrusage(A,B) memset(B,0,sizeof(*B))
        -:  250:#endif
        -:  251:
        -:  252:/* Saved resource information for the beginning of an operation */
        -:  253:static struct rusage sBegin;  /* CPU time at start */
        -:  254:static sqlite3_int64 iBegin;  /* Wall-clock time at start */
        -:  255:
        -:  256:/*
        -:  257:** Begin timing an operation
        -:  258:*/
        2:  259:static void beginTimer(void){
        2:  260:  if( enableTimer ){
    #####:  261:    getrusage(RUSAGE_SELF, &sBegin);
    #####:  262:    iBegin = timeOfDay();
        -:  263:  }
        2:  264:}
        -:  265:
        -:  266:/* Return the difference of two time_structs in seconds */
    #####:  267:static double timeDiff(struct timeval *pStart, struct timeval *pEnd){
    #####:  268:  return (pEnd->tv_usec - pStart->tv_usec)*0.000001 +
    #####:  269:         (double)(pEnd->tv_sec - pStart->tv_sec);
        -:  270:}
        -:  271:
        -:  272:/*
        -:  273:** Print the timing results.
        -:  274:*/
        2:  275:static void endTimer(void){
        2:  276:  if( enableTimer ){
    #####:  277:    sqlite3_int64 iEnd = timeOfDay();
        -:  278:    struct rusage sEnd;
    #####:  279:    getrusage(RUSAGE_SELF, &sEnd);
    #####:  280:    printf("Run Time: real %.3f user %f sys %f\n",
    #####:  281:       (iEnd - iBegin)*0.001,
        -:  282:       timeDiff(&sBegin.ru_utime, &sEnd.ru_utime),
        -:  283:       timeDiff(&sBegin.ru_stime, &sEnd.ru_stime));
        -:  284:  }
        2:  285:}
        -:  286:
        -:  287:#define BEGIN_TIMER beginTimer()
        -:  288:#define END_TIMER endTimer()
        -:  289:#define HAS_TIMER 1
        -:  290:
        -:  291:#elif (defined(_WIN32) || defined(WIN32))
        -:  292:
        -:  293:/* Saved resource information for the beginning of an operation */
        -:  294:static HANDLE hProcess;
        -:  295:static FILETIME ftKernelBegin;
        -:  296:static FILETIME ftUserBegin;
        -:  297:static sqlite3_int64 ftWallBegin;
        -:  298:typedef BOOL (WINAPI *GETPROCTIMES)(HANDLE, LPFILETIME, LPFILETIME,
        -:  299:                                    LPFILETIME, LPFILETIME);
        -:  300:static GETPROCTIMES getProcessTimesAddr = NULL;
        -:  301:
        -:  302:/*
        -:  303:** Check to see if we have timer support.  Return 1 if necessary
        -:  304:** support found (or found previously).
        -:  305:*/
        -:  306:static int hasTimer(void){
        -:  307:  if( getProcessTimesAddr ){
        -:  308:    return 1;
        -:  309:  } else {
        -:  310:    /* GetProcessTimes() isn't supported in WIN95 and some other Windows
        -:  311:    ** versions. See if the version we are running on has it, and if it
        -:  312:    ** does, save off a pointer to it and the current process handle.
        -:  313:    */
        -:  314:    hProcess = GetCurrentProcess();
        -:  315:    if( hProcess ){
        -:  316:      HINSTANCE hinstLib = LoadLibrary(TEXT("Kernel32.dll"));
        -:  317:      if( NULL != hinstLib ){
        -:  318:        getProcessTimesAddr =
        -:  319:            (GETPROCTIMES) GetProcAddress(hinstLib, "GetProcessTimes");
        -:  320:        if( NULL != getProcessTimesAddr ){
        -:  321:          return 1;
        -:  322:        }
        -:  323:        FreeLibrary(hinstLib);
        -:  324:      }
        -:  325:    }
        -:  326:  }
        -:  327:  return 0;
        -:  328:}
        -:  329:
        -:  330:/*
        -:  331:** Begin timing an operation
        -:  332:*/
        -:  333:static void beginTimer(void){
        -:  334:  if( enableTimer && getProcessTimesAddr ){
        -:  335:    FILETIME ftCreation, ftExit;
        -:  336:    getProcessTimesAddr(hProcess,&ftCreation,&ftExit,
        -:  337:                        &ftKernelBegin,&ftUserBegin);
        -:  338:    ftWallBegin = timeOfDay();
        -:  339:  }
        -:  340:}
        -:  341:
        -:  342:/* Return the difference of two FILETIME structs in seconds */
        -:  343:static double timeDiff(FILETIME *pStart, FILETIME *pEnd){
        -:  344:  sqlite_int64 i64Start = *((sqlite_int64 *) pStart);
        -:  345:  sqlite_int64 i64End = *((sqlite_int64 *) pEnd);
        -:  346:  return (double) ((i64End - i64Start) / 10000000.0);
        -:  347:}
        -:  348:
        -:  349:/*
        -:  350:** Print the timing results.
        -:  351:*/
        -:  352:static void endTimer(void){
        -:  353:  if( enableTimer && getProcessTimesAddr){
        -:  354:    FILETIME ftCreation, ftExit, ftKernelEnd, ftUserEnd;
        -:  355:    sqlite3_int64 ftWallEnd = timeOfDay();
        -:  356:    getProcessTimesAddr(hProcess,&ftCreation,&ftExit,&ftKernelEnd,&ftUserEnd);
        -:  357:    printf("Run Time: real %.3f user %f sys %f\n",
        -:  358:       (ftWallEnd - ftWallBegin)*0.001,
        -:  359:       timeDiff(&ftUserBegin, &ftUserEnd),
        -:  360:       timeDiff(&ftKernelBegin, &ftKernelEnd));
        -:  361:  }
        -:  362:}
        -:  363:
        -:  364:#define BEGIN_TIMER beginTimer()
        -:  365:#define END_TIMER endTimer()
        -:  366:#define HAS_TIMER hasTimer()
        -:  367:
        -:  368:#else
        -:  369:#define BEGIN_TIMER
        -:  370:#define END_TIMER
        -:  371:#define HAS_TIMER 0
        -:  372:#endif
        -:  373:
        -:  374:/*
        -:  375:** Used to prevent warnings about unused parameters
        -:  376:*/
        -:  377:#define UNUSED_PARAMETER(x) (void)(x)
        -:  378:
        -:  379:/*
        -:  380:** Number of elements in an array
        -:  381:*/
        -:  382:#define ArraySize(X)  (int)(sizeof(X)/sizeof(X[0]))
        -:  383:
        -:  384:/*
        -:  385:** If the following flag is set, then command execution stops
        -:  386:** at an error if we are not interactive.
        -:  387:*/
        -:  388:static int bail_on_error = 0;
        -:  389:
        -:  390:/*
        -:  391:** Threat stdin as an interactive input if the following variable
        -:  392:** is true.  Otherwise, assume stdin is connected to a file or pipe.
        -:  393:*/
        -:  394:static int stdin_is_interactive = 1;
        -:  395:
        -:  396:/*
        -:  397:** On Windows systems we have to know if standard output is a console
        -:  398:** in order to translate UTF-8 into MBCS.  The following variable is
        -:  399:** true if translation is required.
        -:  400:*/
        -:  401:static int stdout_is_console = 1;
        -:  402:
        -:  403:/*
        -:  404:** The following is the open SQLite database.  We make a pointer
        -:  405:** to this database a static variable so that it can be accessed
        -:  406:** by the SIGINT handler to interrupt database processing.
        -:  407:*/
        -:  408:static sqlite3 *globalDb = 0;
        -:  409:
        -:  410:/*
        -:  411:** True if an interrupt (Control-C) has been received.
        -:  412:*/
        -:  413:static volatile int seenInterrupt = 0;
        -:  414:
        -:  415:/*
        -:  416:** This is the name of our program. It is set in main(), used
        -:  417:** in a number of other places, mostly for error messages.
        -:  418:*/
        -:  419:static char *Argv0;
        -:  420:
        -:  421:/*
        -:  422:** Prompt strings. Initialized in main. Settable with
        -:  423:**   .prompt main continue
        -:  424:*/
        -:  425:static char mainPrompt[20];     /* First line prompt. default: "sqlite> "*/
        -:  426:static char continuePrompt[20]; /* Continuation prompt. default: "   ...> " */
        -:  427:
        -:  428:/*
        -:  429:** Render output like fprintf().  Except, if the output is going to the
        -:  430:** console and if this is running on a Windows machine, translate the
        -:  431:** output from UTF-8 into MBCS.
        -:  432:*/
        -:  433:#if defined(_WIN32) || defined(WIN32)
        -:  434:void utf8_printf(FILE *out, const char *zFormat, ...){
        -:  435:  va_list ap;
        -:  436:  va_start(ap, zFormat);
        -:  437:  if( stdout_is_console && (out==stdout || out==stderr) ){
        -:  438:    char *z1 = sqlite3_vmprintf(zFormat, ap);
        -:  439:    char *z2 = sqlite3_win32_utf8_to_mbcs_v2(z1, 0);
        -:  440:    sqlite3_free(z1);
        -:  441:    fputs(z2, out);
        -:  442:    sqlite3_free(z2);
        -:  443:  }else{
        -:  444:    vfprintf(out, zFormat, ap);
        -:  445:  }
        -:  446:  va_end(ap);
        -:  447:}
        -:  448:#elif !defined(utf8_printf)
        -:  449:# define utf8_printf fprintf
        -:  450:#endif
        -:  451:
        -:  452:/*
        -:  453:** Render output like fprintf().  This should not be used on anything that
        -:  454:** includes string formatting (e.g. "%s").
        -:  455:*/
        -:  456:#if !defined(raw_printf)
        -:  457:# define raw_printf fprintf
        -:  458:#endif
        -:  459:
        -:  460:/* Indicate out-of-memory and exit. */
    #####:  461:static void shell_out_of_memory(void){
    #####:  462:  raw_printf(stderr,"Error: out of memory\n");
    #####:  463:  exit(1);
        -:  464:}
        -:  465:
        -:  466:/*
        -:  467:** Write I/O traces to the following stream.
        -:  468:*/
        -:  469:#ifdef SQLITE_ENABLE_IOTRACE
        -:  470:static FILE *iotrace = 0;
        -:  471:#endif
        -:  472:
        -:  473:/*
        -:  474:** This routine works like printf in that its first argument is a
        -:  475:** format string and subsequent arguments are values to be substituted
        -:  476:** in place of % fields.  The result of formatting this string
        -:  477:** is written to iotrace.
        -:  478:*/
        -:  479:#ifdef SQLITE_ENABLE_IOTRACE
        -:  480:static void SQLITE_CDECL iotracePrintf(const char *zFormat, ...){
        -:  481:  va_list ap;
        -:  482:  char *z;
        -:  483:  if( iotrace==0 ) return;
        -:  484:  va_start(ap, zFormat);
        -:  485:  z = sqlite3_vmprintf(zFormat, ap);
        -:  486:  va_end(ap);
        -:  487:  utf8_printf(iotrace, "%s", z);
        -:  488:  sqlite3_free(z);
        -:  489:}
        -:  490:#endif
        -:  491:
        -:  492:/*
        -:  493:** Output string zUtf to stream pOut as w characters.  If w is negative,
        -:  494:** then right-justify the text.  W is the width in UTF-8 characters, not
        -:  495:** in bytes.  This is different from the %*.*s specification in printf
        -:  496:** since with %*.*s the width is measured in bytes, not characters.
        -:  497:*/
    #####:  498:static void utf8_width_print(FILE *pOut, int w, const char *zUtf){
        -:  499:  int i;
        -:  500:  int n;
    #####:  501:  int aw = w<0 ? -w : w;
        -:  502:  char zBuf[1000];
    #####:  503:  if( aw>(int)sizeof(zBuf)/3 ) aw = (int)sizeof(zBuf)/3;
    #####:  504:  for(i=n=0; zUtf[i]; i++){
    #####:  505:    if( (zUtf[i]&0xc0)!=0x80 ){
    #####:  506:      n++;
    #####:  507:      if( n==aw ){
    #####:  508:        do{ i++; }while( (zUtf[i]&0xc0)==0x80 );
    #####:  509:        break;
        -:  510:      }
        -:  511:    }
        -:  512:  }
    #####:  513:  if( n>=aw ){
    #####:  514:    utf8_printf(pOut, "%.*s", i, zUtf);
    #####:  515:  }else if( w<0 ){
    #####:  516:    utf8_printf(pOut, "%*s%s", aw-n, "", zUtf);
        -:  517:  }else{
    #####:  518:    utf8_printf(pOut, "%s%*s", zUtf, aw-n, "");
        -:  519:  }
    #####:  520:}
        -:  521:
        -:  522:
        -:  523:/*
        -:  524:** Determines if a string is a number of not.
        -:  525:*/
    #####:  526:static int isNumber(const char *z, int *realnum){
    #####:  527:  if( *z=='-' || *z=='+' ) z++;
    #####:  528:  if( !IsDigit(*z) ){
    #####:  529:    return 0;
        -:  530:  }
    #####:  531:  z++;
    #####:  532:  if( realnum ) *realnum = 0;
    #####:  533:  while( IsDigit(*z) ){ z++; }
    #####:  534:  if( *z=='.' ){
    #####:  535:    z++;
    #####:  536:    if( !IsDigit(*z) ) return 0;
    #####:  537:    while( IsDigit(*z) ){ z++; }
    #####:  538:    if( realnum ) *realnum = 1;
        -:  539:  }
    #####:  540:  if( *z=='e' || *z=='E' ){
    #####:  541:    z++;
    #####:  542:    if( *z=='+' || *z=='-' ) z++;
    #####:  543:    if( !IsDigit(*z) ) return 0;
    #####:  544:    while( IsDigit(*z) ){ z++; }
    #####:  545:    if( realnum ) *realnum = 1;
        -:  546:  }
    #####:  547:  return *z==0;
        -:  548:}
        -:  549:
        -:  550:/*
        -:  551:** Compute a string length that is limited to what can be stored in
        -:  552:** lower 30 bits of a 32-bit signed integer.
        -:  553:*/
       10:  554:static int strlen30(const char *z){
       10:  555:  const char *z2 = z;
      154:  556:  while( *z2 ){ z2++; }
       10:  557:  return 0x3fffffff & (int)(z2 - z);
        -:  558:}
        -:  559:
        -:  560:/*
        -:  561:** Return the length of a string in characters.  Multibyte UTF8 characters
        -:  562:** count as a single character.
        -:  563:*/
    #####:  564:static int strlenChar(const char *z){
    #####:  565:  int n = 0;
    #####:  566:  while( *z ){
    #####:  567:    if( (0xc0&*(z++))!=0x80 ) n++;
        -:  568:  }
    #####:  569:  return n;
        -:  570:}
        -:  571:
        -:  572:/*
        -:  573:** This routine reads a line of text from FILE in, stores
        -:  574:** the text in memory obtained from malloc() and returns a pointer
        -:  575:** to the text.  NULL is returned at end of file, or if malloc()
        -:  576:** fails.
        -:  577:**
        -:  578:** If zLine is not NULL then it is a malloced buffer returned from
        -:  579:** a previous call to this routine that may be reused.
        -:  580:*/
        4:  581:static char *local_getline(char *zLine, FILE *in){
        4:  582:  int nLine = zLine==0 ? 0 : 100;
        4:  583:  int n = 0;
        -:  584:
        -:  585:  while( 1 ){
        4:  586:    if( n+100>nLine ){
        2:  587:      nLine = nLine*2 + 100;
        2:  588:      zLine = realloc(zLine, nLine);
       2*:  589:      if( zLine==0 ) shell_out_of_memory();
        -:  590:    }
        4:  591:    if( fgets(&zLine[n], nLine - n, in)==0 ){
    #####:  592:      if( n==0 ){
    #####:  593:        free(zLine);
    #####:  594:        return 0;
        -:  595:      }
    #####:  596:      zLine[n] = 0;
    #####:  597:      break;
        -:  598:    }
       52:  599:    while( zLine[n] ) n++;
        4:  600:    if( n>0 && zLine[n-1]=='\n' ){
        4:  601:      n--;
       4*:  602:      if( n>0 && zLine[n-1]=='\r' ) n--;
        4:  603:      zLine[n] = 0;
        4:  604:      break;
        -:  605:    }
        -:  606:  }
        -:  607:#if defined(_WIN32) || defined(WIN32)
        -:  608:  /* For interactive input on Windows systems, translate the
        -:  609:  ** multi-byte characterset characters into UTF-8. */
        -:  610:  if( stdin_is_interactive && in==stdin ){
        -:  611:    char *zTrans = sqlite3_win32_mbcs_to_utf8_v2(zLine, 0);
        -:  612:    if( zTrans ){
        -:  613:      int nTrans = strlen30(zTrans)+1;
        -:  614:      if( nTrans>nLine ){
        -:  615:        zLine = realloc(zLine, nTrans);
        -:  616:        if( zLine==0 ) shell_out_of_memory();
        -:  617:      }
        -:  618:      memcpy(zLine, zTrans, nTrans);
        -:  619:      sqlite3_free(zTrans);
        -:  620:    }
        -:  621:  }
        -:  622:#endif /* defined(_WIN32) || defined(WIN32) */
        4:  623:  return zLine;
        -:  624:}
        -:  625:
        -:  626:/*
        -:  627:** Retrieve a single line of input text.
        -:  628:**
        -:  629:** If in==0 then read from standard input and prompt before each line.
        -:  630:** If isContinuation is true, then a continuation prompt is appropriate.
        -:  631:** If isContinuation is zero, then the main prompt should be used.
        -:  632:**
        -:  633:** If zPrior is not NULL then it is a buffer from a prior call to this
        -:  634:** routine that can be reused.
        -:  635:**
        -:  636:** The result is stored in space obtained from malloc() and must either
        -:  637:** be freed by the caller or else passed back into this routine via the
        -:  638:** zPrior argument for reuse.
        -:  639:*/
        4:  640:static char *one_input_line(FILE *in, char *zPrior, int isContinuation){
        -:  641:  char *zPrompt;
        -:  642:  char *zResult;
        4:  643:  if( in!=0 ){
    #####:  644:    zResult = local_getline(zPrior, in);
        -:  645:  }else{
       4*:  646:    zPrompt = isContinuation ? continuePrompt : mainPrompt;
        -:  647:#if SHELL_USE_LOCAL_GETLINE
        4:  648:    printf("%s", zPrompt);
        4:  649:    fflush(stdout);
        4:  650:    zResult = local_getline(zPrior, stdin);
        -:  651:#else
        -:  652:    free(zPrior);
        -:  653:    zResult = shell_readline(zPrompt);
        -:  654:    if( zResult && *zResult ) shell_add_history(zResult);
        -:  655:#endif
        -:  656:  }
        4:  657:  return zResult;
        -:  658:}
        -:  659:
        -:  660:
        -:  661:/*
        -:  662:** Return the value of a hexadecimal digit.  Return -1 if the input
        -:  663:** is not a hex digit.
        -:  664:*/
    #####:  665:static int hexDigitValue(char c){
    #####:  666:  if( c>='0' && c<='9' ) return c - '0';
    #####:  667:  if( c>='a' && c<='f' ) return c - 'a' + 10;
    #####:  668:  if( c>='A' && c<='F' ) return c - 'A' + 10;
    #####:  669:  return -1;
        -:  670:}
        -:  671:
        -:  672:/*
        -:  673:** Interpret zArg as an integer value, possibly with suffixes.
        -:  674:*/
    #####:  675:static sqlite3_int64 integerValue(const char *zArg){
    #####:  676:  sqlite3_int64 v = 0;
        -:  677:  static const struct { char *zSuffix; int iMult; } aMult[] = {
        -:  678:    { "KiB", 1024 },
        -:  679:    { "MiB", 1024*1024 },
        -:  680:    { "GiB", 1024*1024*1024 },
        -:  681:    { "KB",  1000 },
        -:  682:    { "MB",  1000000 },
        -:  683:    { "GB",  1000000000 },
        -:  684:    { "K",   1000 },
        -:  685:    { "M",   1000000 },
        -:  686:    { "G",   1000000000 },
        -:  687:  };
        -:  688:  int i;
    #####:  689:  int isNeg = 0;
    #####:  690:  if( zArg[0]=='-' ){
    #####:  691:    isNeg = 1;
    #####:  692:    zArg++;
    #####:  693:  }else if( zArg[0]=='+' ){
    #####:  694:    zArg++;
        -:  695:  }
    #####:  696:  if( zArg[0]=='0' && zArg[1]=='x' ){
        -:  697:    int x;
    #####:  698:    zArg += 2;
    #####:  699:    while( (x = hexDigitValue(zArg[0]))>=0 ){
    #####:  700:      v = (v<<4) + x;
    #####:  701:      zArg++;
        -:  702:    }
        -:  703:  }else{
    #####:  704:    while( IsDigit(zArg[0]) ){
    #####:  705:      v = v*10 + zArg[0] - '0';
    #####:  706:      zArg++;
        -:  707:    }
        -:  708:  }
    #####:  709:  for(i=0; i<ArraySize(aMult); i++){
    #####:  710:    if( sqlite3_stricmp(aMult[i].zSuffix, zArg)==0 ){
    #####:  711:      v *= aMult[i].iMult;
    #####:  712:      break;
        -:  713:    }
        -:  714:  }
    #####:  715:  return isNeg? -v : v;
        -:  716:}
        -:  717:
        -:  718:/*
        -:  719:** A variable length string to which one can append text.
        -:  720:*/
        -:  721:typedef struct ShellText ShellText;
        -:  722:struct ShellText {
        -:  723:  char *z;
        -:  724:  int n;
        -:  725:  int nAlloc;
        -:  726:};
        -:  727:
        -:  728:/*
        -:  729:** Initialize and destroy a ShellText object
        -:  730:*/
    #####:  731:static void initText(ShellText *p){
    #####:  732:  memset(p, 0, sizeof(*p));
    #####:  733:}
    #####:  734:static void freeText(ShellText *p){
    #####:  735:  free(p->z);
    #####:  736:  initText(p);
    #####:  737:}
        -:  738:
        -:  739:/* zIn is either a pointer to a NULL-terminated string in memory obtained
        -:  740:** from malloc(), or a NULL pointer. The string pointed to by zAppend is
        -:  741:** added to zIn, and the result returned in memory obtained from malloc().
        -:  742:** zIn, if it was not NULL, is freed.
        -:  743:**
        -:  744:** If the third argument, quote, is not '\0', then it is used as a
        -:  745:** quote character for zAppend.
        -:  746:*/
    #####:  747:static void appendText(ShellText *p, char const *zAppend, char quote){
        -:  748:  int len;
        -:  749:  int i;
    #####:  750:  int nAppend = strlen30(zAppend);
        -:  751:
    #####:  752:  len = nAppend+p->n+1;
    #####:  753:  if( quote ){
    #####:  754:    len += 2;
    #####:  755:    for(i=0; i<nAppend; i++){
    #####:  756:      if( zAppend[i]==quote ) len++;
        -:  757:    }
        -:  758:  }
        -:  759:
    #####:  760:  if( p->n+len>=p->nAlloc ){
    #####:  761:    p->nAlloc = p->nAlloc*2 + len + 20;
    #####:  762:    p->z = realloc(p->z, p->nAlloc);
    #####:  763:    if( p->z==0 ) shell_out_of_memory();
        -:  764:  }
        -:  765:
    #####:  766:  if( quote ){
    #####:  767:    char *zCsr = p->z+p->n;
    #####:  768:    *zCsr++ = quote;
    #####:  769:    for(i=0; i<nAppend; i++){
    #####:  770:      *zCsr++ = zAppend[i];
    #####:  771:      if( zAppend[i]==quote ) *zCsr++ = quote;
        -:  772:    }
    #####:  773:    *zCsr++ = quote;
    #####:  774:    p->n = (int)(zCsr - p->z);
    #####:  775:    *zCsr = '\0';
        -:  776:  }else{
    #####:  777:    memcpy(p->z+p->n, zAppend, nAppend);
    #####:  778:    p->n += nAppend;
    #####:  779:    p->z[p->n] = '\0';
        -:  780:  }
    #####:  781:}
        -:  782:
        -:  783:/*
        -:  784:** Attempt to determine if identifier zName needs to be quoted, either
        -:  785:** because it contains non-alphanumeric characters, or because it is an
        -:  786:** SQLite keyword.  Be conservative in this estimate:  When in doubt assume
        -:  787:** that quoting is required.
        -:  788:**
        -:  789:** Return '"' if quoting is required.  Return 0 if no quoting is required.
        -:  790:*/
    #####:  791:static char quoteChar(const char *zName){
        -:  792:  int i;
    #####:  793:  if( !isalpha((unsigned char)zName[0]) && zName[0]!='_' ) return '"';
    #####:  794:  for(i=0; zName[i]; i++){
    #####:  795:    if( !isalnum((unsigned char)zName[i]) && zName[i]!='_' ) return '"';
        -:  796:  }
    #####:  797:  return sqlite3_keyword_check(zName, i) ? '"' : 0;
        -:  798:}
        -:  799:
        -:  800:/*
        -:  801:** Construct a fake object name and column list to describe the structure
        -:  802:** of the view, virtual table, or table valued function zSchema.zName.
        -:  803:*/
    #####:  804:static char *shellFakeSchema(
        -:  805:  sqlite3 *db,            /* The database connection containing the vtab */
        -:  806:  const char *zSchema,    /* Schema of the database holding the vtab */
        -:  807:  const char *zName       /* The name of the virtual table */
        -:  808:){
    #####:  809:  sqlite3_stmt *pStmt = 0;
        -:  810:  char *zSql;
        -:  811:  ShellText s;
        -:  812:  char cQuote;
    #####:  813:  char *zDiv = "(";
    #####:  814:  int nRow = 0;
        -:  815:
    #####:  816:  zSql = sqlite3_mprintf("PRAGMA \"%w\".table_info=%Q;",
        -:  817:                         zSchema ? zSchema : "main", zName);
    #####:  818:  sqlite3_prepare_v2(db, zSql, -1, &pStmt, 0);
    #####:  819:  sqlite3_free(zSql);
    #####:  820:  initText(&s);
    #####:  821:  if( zSchema ){
    #####:  822:    cQuote = quoteChar(zSchema);
    #####:  823:    if( cQuote && sqlite3_stricmp(zSchema,"temp")==0 ) cQuote = 0;
    #####:  824:    appendText(&s, zSchema, cQuote);
    #####:  825:    appendText(&s, ".", 0);
        -:  826:  }
    #####:  827:  cQuote = quoteChar(zName);
    #####:  828:  appendText(&s, zName, cQuote);
    #####:  829:  while( sqlite3_step(pStmt)==SQLITE_ROW ){
    #####:  830:    const char *zCol = (const char*)sqlite3_column_text(pStmt, 1);
    #####:  831:    nRow++;
    #####:  832:    appendText(&s, zDiv, 0);
    #####:  833:    zDiv = ",";
    #####:  834:    cQuote = quoteChar(zCol);
    #####:  835:    appendText(&s, zCol, cQuote);
        -:  836:  }
    #####:  837:  appendText(&s, ")", 0);
    #####:  838:  sqlite3_finalize(pStmt);
    #####:  839:  if( nRow==0 ){
    #####:  840:    freeText(&s);
    #####:  841:    s.z = 0;
        -:  842:  }
    #####:  843:  return s.z;
        -:  844:}
        -:  845:
        -:  846:/*
        -:  847:** SQL function:  shell_module_schema(X)
        -:  848:**
        -:  849:** Return a fake schema for the table-valued function or eponymous virtual
        -:  850:** table X.
        -:  851:*/
    #####:  852:static void shellModuleSchema(
        -:  853:  sqlite3_context *pCtx,
        -:  854:  int nVal,
        -:  855:  sqlite3_value **apVal
        -:  856:){
    #####:  857:  const char *zName = (const char*)sqlite3_value_text(apVal[0]);
    #####:  858:  char *zFake = shellFakeSchema(sqlite3_context_db_handle(pCtx), 0, zName);
        -:  859:  UNUSED_PARAMETER(nVal);
    #####:  860:  if( zFake ){
    #####:  861:    sqlite3_result_text(pCtx, sqlite3_mprintf("/* %s */", zFake),
        -:  862:                        -1, sqlite3_free);
    #####:  863:    free(zFake);
        -:  864:  }
    #####:  865:}
        -:  866:
        -:  867:/*
        -:  868:** SQL function:  shell_add_schema(S,X)
        -:  869:**
        -:  870:** Add the schema name X to the CREATE statement in S and return the result.
        -:  871:** Examples:
        -:  872:**
        -:  873:**    CREATE TABLE t1(x)   ->   CREATE TABLE xyz.t1(x);
        -:  874:**
        -:  875:** Also works on
        -:  876:**
        -:  877:**    CREATE INDEX
        -:  878:**    CREATE UNIQUE INDEX
        -:  879:**    CREATE VIEW
        -:  880:**    CREATE TRIGGER
        -:  881:**    CREATE VIRTUAL TABLE
        -:  882:**
        -:  883:** This UDF is used by the .schema command to insert the schema name of
        -:  884:** attached databases into the middle of the sqlite_master.sql field.
        -:  885:*/
    #####:  886:static void shellAddSchemaName(
        -:  887:  sqlite3_context *pCtx,
        -:  888:  int nVal,
        -:  889:  sqlite3_value **apVal
        -:  890:){
        -:  891:  static const char *aPrefix[] = {
        -:  892:     "TABLE",
        -:  893:     "INDEX",
        -:  894:     "UNIQUE INDEX",
        -:  895:     "VIEW",
        -:  896:     "TRIGGER",
        -:  897:     "VIRTUAL TABLE"
        -:  898:  };
    #####:  899:  int i = 0;
    #####:  900:  const char *zIn = (const char*)sqlite3_value_text(apVal[0]);
    #####:  901:  const char *zSchema = (const char*)sqlite3_value_text(apVal[1]);
    #####:  902:  const char *zName = (const char*)sqlite3_value_text(apVal[2]);
    #####:  903:  sqlite3 *db = sqlite3_context_db_handle(pCtx);
        -:  904:  UNUSED_PARAMETER(nVal);
    #####:  905:  if( zIn!=0 && strncmp(zIn, "CREATE ", 7)==0 ){
    #####:  906:    for(i=0; i<(int)(sizeof(aPrefix)/sizeof(aPrefix[0])); i++){
    #####:  907:      int n = strlen30(aPrefix[i]);
    #####:  908:      if( strncmp(zIn+7, aPrefix[i], n)==0 && zIn[n+7]==' ' ){
    #####:  909:        char *z = 0;
    #####:  910:        char *zFake = 0;
    #####:  911:        if( zSchema ){
    #####:  912:          char cQuote = quoteChar(zSchema);
    #####:  913:          if( cQuote && sqlite3_stricmp(zSchema,"temp")!=0 ){
    #####:  914:            z = sqlite3_mprintf("%.*s \"%w\".%s", n+7, zIn, zSchema, zIn+n+8);
        -:  915:          }else{
    #####:  916:            z = sqlite3_mprintf("%.*s %s.%s", n+7, zIn, zSchema, zIn+n+8);
        -:  917:          }
        -:  918:        }
    #####:  919:        if( zName
    #####:  920:         && aPrefix[i][0]=='V'
    #####:  921:         && (zFake = shellFakeSchema(db, zSchema, zName))!=0
        -:  922:        ){
    #####:  923:          if( z==0 ){
    #####:  924:            z = sqlite3_mprintf("%s\n/* %s */", zIn, zFake);
        -:  925:          }else{
    #####:  926:            z = sqlite3_mprintf("%z\n/* %s */", z, zFake);
        -:  927:          }
    #####:  928:          free(zFake);
        -:  929:        }
    #####:  930:        if( z ){
    #####:  931:          sqlite3_result_text(pCtx, z, -1, sqlite3_free);
    #####:  932:          return;
        -:  933:        }
        -:  934:      }
        -:  935:    }
        -:  936:  }
    #####:  937:  sqlite3_result_value(pCtx, apVal[0]);
        -:  938:}
        -:  939:
        -:  940:/*
        -:  941:** The source code for several run-time loadable extensions is inserted
        -:  942:** below by the ../tool/mkshellc.tcl script.  Before processing that included
        -:  943:** code, we need to override some macros to make the included program code
        -:  944:** work here in the middle of this regular program.
        -:  945:*/
        -:  946:#define SQLITE_EXTENSION_INIT1
        -:  947:#define SQLITE_EXTENSION_INIT2(X) (void)(X)
        -:  948:
        -:  949:#if defined(_WIN32) && defined(_MSC_VER)
        -:  950:/************************* Begin test_windirent.h ******************/
        -:  951:/*
        -:  952:** 2015 November 30
        -:  953:**
        -:  954:** The author disclaims copyright to this source code.  In place of
        -:  955:** a legal notice, here is a blessing:
        -:  956:**
        -:  957:**    May you do good and not evil.
        -:  958:**    May you find forgiveness for yourself and forgive others.
        -:  959:**    May you share freely, never taking more than you give.
        -:  960:**
        -:  961:*************************************************************************
        -:  962:** This file contains declarations for most of the opendir() family of
        -:  963:** POSIX functions on Win32 using the MSVCRT.
        -:  964:*/
        -:  965:
        -:  966:#if defined(_WIN32) && defined(_MSC_VER) && !defined(SQLITE_WINDIRENT_H)
        -:  967:#define SQLITE_WINDIRENT_H
        -:  968:
        -:  969:/*
        -:  970:** We need several data types from the Windows SDK header.
        -:  971:*/
        -:  972:
        -:  973:#ifndef WIN32_LEAN_AND_MEAN
        -:  974:#define WIN32_LEAN_AND_MEAN
        -:  975:#endif
        -:  976:
        -:  977:#include "windows.h"
        -:  978:
        -:  979:/*
        -:  980:** We need several support functions from the SQLite core.
        -:  981:*/
        -:  982:
        -:  983:
        -:  984:/*
        -:  985:** We need several things from the ANSI and MSVCRT headers.
        -:  986:*/
        -:  987:
        -:  988:#include <stdio.h>
        -:  989:#include <stdlib.h>
        -:  990:#include <errno.h>
        -:  991:#include <io.h>
        -:  992:#include <limits.h>
        -:  993:#include <sys/types.h>
        -:  994:#include <sys/stat.h>
        -:  995:
        -:  996:/*
        -:  997:** We may need several defines that should have been in "sys/stat.h".
        -:  998:*/
        -:  999:
        -: 1000:#ifndef S_ISREG
        -: 1001:#define S_ISREG(mode) (((mode) & S_IFMT) == S_IFREG)
        -: 1002:#endif
        -: 1003:
        -: 1004:#ifndef S_ISDIR
        -: 1005:#define S_ISDIR(mode) (((mode) & S_IFMT) == S_IFDIR)
        -: 1006:#endif
        -: 1007:
        -: 1008:#ifndef S_ISLNK
        -: 1009:#define S_ISLNK(mode) (0)
        -: 1010:#endif
        -: 1011:
        -: 1012:/*
        -: 1013:** We may need to provide the "mode_t" type.
        -: 1014:*/
        -: 1015:
        -: 1016:#ifndef MODE_T_DEFINED
        -: 1017:  #define MODE_T_DEFINED
        -: 1018:  typedef unsigned short mode_t;
        -: 1019:#endif
        -: 1020:
        -: 1021:/*
        -: 1022:** We may need to provide the "ino_t" type.
        -: 1023:*/
        -: 1024:
        -: 1025:#ifndef INO_T_DEFINED
        -: 1026:  #define INO_T_DEFINED
        -: 1027:  typedef unsigned short ino_t;
        -: 1028:#endif
        -: 1029:
        -: 1030:/*
        -: 1031:** We need to define "NAME_MAX" if it was not present in "limits.h".
        -: 1032:*/
        -: 1033:
        -: 1034:#ifndef NAME_MAX
        -: 1035:#  ifdef FILENAME_MAX
        -: 1036:#    define NAME_MAX (FILENAME_MAX)
        -: 1037:#  else
        -: 1038:#    define NAME_MAX (260)
        -: 1039:#  endif
        -: 1040:#endif
        -: 1041:
        -: 1042:/*
        -: 1043:** We need to define "NULL_INTPTR_T" and "BAD_INTPTR_T".
        -: 1044:*/
        -: 1045:
        -: 1046:#ifndef NULL_INTPTR_T
        -: 1047:#  define NULL_INTPTR_T ((intptr_t)(0))
        -: 1048:#endif
        -: 1049:
        -: 1050:#ifndef BAD_INTPTR_T
        -: 1051:#  define BAD_INTPTR_T ((intptr_t)(-1))
        -: 1052:#endif
        -: 1053:
        -: 1054:/*
        -: 1055:** We need to provide the necessary structures and related types.
        -: 1056:*/
        -: 1057:
        -: 1058:#ifndef DIRENT_DEFINED
        -: 1059:#define DIRENT_DEFINED
        -: 1060:typedef struct DIRENT DIRENT;
        -: 1061:typedef DIRENT *LPDIRENT;
        -: 1062:struct DIRENT {
        -: 1063:  ino_t d_ino;               /* Sequence number, do not use. */
        -: 1064:  unsigned d_attributes;     /* Win32 file attributes. */
        -: 1065:  char d_name[NAME_MAX + 1]; /* Name within the directory. */
        -: 1066:};
        -: 1067:#endif
        -: 1068:
        -: 1069:#ifndef DIR_DEFINED
        -: 1070:#define DIR_DEFINED
        -: 1071:typedef struct DIR DIR;
        -: 1072:typedef DIR *LPDIR;
        -: 1073:struct DIR {
        -: 1074:  intptr_t d_handle; /* Value returned by "_findfirst". */
        -: 1075:  DIRENT d_first;    /* DIRENT constructed based on "_findfirst". */
        -: 1076:  DIRENT d_next;     /* DIRENT constructed based on "_findnext". */
        -: 1077:};
        -: 1078:#endif
        -: 1079:
        -: 1080:/*
        -: 1081:** Provide a macro, for use by the implementation, to determine if a
        -: 1082:** particular directory entry should be skipped over when searching for
        -: 1083:** the next directory entry that should be returned by the readdir() or
        -: 1084:** readdir_r() functions.
        -: 1085:*/
        -: 1086:
        -: 1087:#ifndef is_filtered
        -: 1088:#  define is_filtered(a) ((((a).attrib)&_A_HIDDEN) || (((a).attrib)&_A_SYSTEM))
        -: 1089:#endif
        -: 1090:
        -: 1091:/*
        -: 1092:** Provide the function prototype for the POSIX compatiable getenv()
        -: 1093:** function.  This function is not thread-safe.
        -: 1094:*/
        -: 1095:
        -: 1096:extern const char *windirent_getenv(const char *name);
        -: 1097:
        -: 1098:/*
        -: 1099:** Finally, we can provide the function prototypes for the opendir(),
        -: 1100:** readdir(), readdir_r(), and closedir() POSIX functions.
        -: 1101:*/
        -: 1102:
        -: 1103:extern LPDIR opendir(const char *dirname);
        -: 1104:extern LPDIRENT readdir(LPDIR dirp);
        -: 1105:extern INT readdir_r(LPDIR dirp, LPDIRENT entry, LPDIRENT *result);
        -: 1106:extern INT closedir(LPDIR dirp);
        -: 1107:
        -: 1108:#endif /* defined(WIN32) && defined(_MSC_VER) */
        -: 1109:
        -: 1110:/************************* End test_windirent.h ********************/
        -: 1111:/************************* Begin test_windirent.c ******************/
        -: 1112:/*
        -: 1113:** 2015 November 30
        -: 1114:**
        -: 1115:** The author disclaims copyright to this source code.  In place of
        -: 1116:** a legal notice, here is a blessing:
        -: 1117:**
        -: 1118:**    May you do good and not evil.
        -: 1119:**    May you find forgiveness for yourself and forgive others.
        -: 1120:**    May you share freely, never taking more than you give.
        -: 1121:**
        -: 1122:*************************************************************************
        -: 1123:** This file contains code to implement most of the opendir() family of
        -: 1124:** POSIX functions on Win32 using the MSVCRT.
        -: 1125:*/
        -: 1126:
        -: 1127:#if defined(_WIN32) && defined(_MSC_VER)
        -: 1128:/* #include "test_windirent.h" */
        -: 1129:
        -: 1130:/*
        -: 1131:** Implementation of the POSIX getenv() function using the Win32 API.
        -: 1132:** This function is not thread-safe.
        -: 1133:*/
        -: 1134:const char *windirent_getenv(
        -: 1135:  const char *name
        -: 1136:){
        -: 1137:  static char value[32768]; /* Maximum length, per MSDN */
        -: 1138:  DWORD dwSize = sizeof(value) / sizeof(char); /* Size in chars */
        -: 1139:  DWORD dwRet; /* Value returned by GetEnvironmentVariableA() */
        -: 1140:
        -: 1141:  memset(value, 0, sizeof(value));
        -: 1142:  dwRet = GetEnvironmentVariableA(name, value, dwSize);
        -: 1143:  if( dwRet==0 || dwRet>dwSize ){
        -: 1144:    /*
        -: 1145:    ** The function call to GetEnvironmentVariableA() failed -OR-
        -: 1146:    ** the buffer is not large enough.  Either way, return NULL.
        -: 1147:    */
        -: 1148:    return 0;
        -: 1149:  }else{
        -: 1150:    /*
        -: 1151:    ** The function call to GetEnvironmentVariableA() succeeded
        -: 1152:    ** -AND- the buffer contains the entire value.
        -: 1153:    */
        -: 1154:    return value;
        -: 1155:  }
        -: 1156:}
        -: 1157:
        -: 1158:/*
        -: 1159:** Implementation of the POSIX opendir() function using the MSVCRT.
        -: 1160:*/
        -: 1161:LPDIR opendir(
        -: 1162:  const char *dirname
        -: 1163:){
        -: 1164:  struct _finddata_t data;
        -: 1165:  LPDIR dirp = (LPDIR)sqlite3_malloc(sizeof(DIR));
        -: 1166:  SIZE_T namesize = sizeof(data.name) / sizeof(data.name[0]);
        -: 1167:
        -: 1168:  if( dirp==NULL ) return NULL;
        -: 1169:  memset(dirp, 0, sizeof(DIR));
        -: 1170:
        -: 1171:  /* TODO: Remove this if Unix-style root paths are not used. */
        -: 1172:  if( sqlite3_stricmp(dirname, "/")==0 ){
        -: 1173:    dirname = windirent_getenv("SystemDrive");
        -: 1174:  }
        -: 1175:
        -: 1176:  memset(&data, 0, sizeof(struct _finddata_t));
        -: 1177:  _snprintf(data.name, namesize, "%s\\*", dirname);
        -: 1178:  dirp->d_handle = _findfirst(data.name, &data);
        -: 1179:
        -: 1180:  if( dirp->d_handle==BAD_INTPTR_T ){
        -: 1181:    closedir(dirp);
        -: 1182:    return NULL;
        -: 1183:  }
        -: 1184:
        -: 1185:  /* TODO: Remove this block to allow hidden and/or system files. */
        -: 1186:  if( is_filtered(data) ){
        -: 1187:next:
        -: 1188:
        -: 1189:    memset(&data, 0, sizeof(struct _finddata_t));
        -: 1190:    if( _findnext(dirp->d_handle, &data)==-1 ){
        -: 1191:      closedir(dirp);
        -: 1192:      return NULL;
        -: 1193:    }
        -: 1194:
        -: 1195:    /* TODO: Remove this block to allow hidden and/or system files. */
        -: 1196:    if( is_filtered(data) ) goto next;
        -: 1197:  }
        -: 1198:
        -: 1199:  dirp->d_first.d_attributes = data.attrib;
        -: 1200:  strncpy(dirp->d_first.d_name, data.name, NAME_MAX);
        -: 1201:  dirp->d_first.d_name[NAME_MAX] = '\0';
        -: 1202:
        -: 1203:  return dirp;
        -: 1204:}
        -: 1205:
        -: 1206:/*
        -: 1207:** Implementation of the POSIX readdir() function using the MSVCRT.
        -: 1208:*/
        -: 1209:LPDIRENT readdir(
        -: 1210:  LPDIR dirp
        -: 1211:){
        -: 1212:  struct _finddata_t data;
        -: 1213:
        -: 1214:  if( dirp==NULL ) return NULL;
        -: 1215:
        -: 1216:  if( dirp->d_first.d_ino==0 ){
        -: 1217:    dirp->d_first.d_ino++;
        -: 1218:    dirp->d_next.d_ino++;
        -: 1219:
        -: 1220:    return &dirp->d_first;
        -: 1221:  }
        -: 1222:
        -: 1223:next:
        -: 1224:
        -: 1225:  memset(&data, 0, sizeof(struct _finddata_t));
        -: 1226:  if( _findnext(dirp->d_handle, &data)==-1 ) return NULL;
        -: 1227:
        -: 1228:  /* TODO: Remove this block to allow hidden and/or system files. */
        -: 1229:  if( is_filtered(data) ) goto next;
        -: 1230:
        -: 1231:  dirp->d_next.d_ino++;
        -: 1232:  dirp->d_next.d_attributes = data.attrib;
        -: 1233:  strncpy(dirp->d_next.d_name, data.name, NAME_MAX);
        -: 1234:  dirp->d_next.d_name[NAME_MAX] = '\0';
        -: 1235:
        -: 1236:  return &dirp->d_next;
        -: 1237:}
        -: 1238:
        -: 1239:/*
        -: 1240:** Implementation of the POSIX readdir_r() function using the MSVCRT.
        -: 1241:*/
        -: 1242:INT readdir_r(
        -: 1243:  LPDIR dirp,
        -: 1244:  LPDIRENT entry,
        -: 1245:  LPDIRENT *result
        -: 1246:){
        -: 1247:  struct _finddata_t data;
        -: 1248:
        -: 1249:  if( dirp==NULL ) return EBADF;
        -: 1250:
        -: 1251:  if( dirp->d_first.d_ino==0 ){
        -: 1252:    dirp->d_first.d_ino++;
        -: 1253:    dirp->d_next.d_ino++;
        -: 1254:
        -: 1255:    entry->d_ino = dirp->d_first.d_ino;
        -: 1256:    entry->d_attributes = dirp->d_first.d_attributes;
        -: 1257:    strncpy(entry->d_name, dirp->d_first.d_name, NAME_MAX);
        -: 1258:    entry->d_name[NAME_MAX] = '\0';
        -: 1259:
        -: 1260:    *result = entry;
        -: 1261:    return 0;
        -: 1262:  }
        -: 1263:
        -: 1264:next:
        -: 1265:
        -: 1266:  memset(&data, 0, sizeof(struct _finddata_t));
        -: 1267:  if( _findnext(dirp->d_handle, &data)==-1 ){
        -: 1268:    *result = NULL;
        -: 1269:    return ENOENT;
        -: 1270:  }
        -: 1271:
        -: 1272:  /* TODO: Remove this block to allow hidden and/or system files. */
        -: 1273:  if( is_filtered(data) ) goto next;
        -: 1274:
        -: 1275:  entry->d_ino = (ino_t)-1; /* not available */
        -: 1276:  entry->d_attributes = data.attrib;
        -: 1277:  strncpy(entry->d_name, data.name, NAME_MAX);
        -: 1278:  entry->d_name[NAME_MAX] = '\0';
        -: 1279:
        -: 1280:  *result = entry;
        -: 1281:  return 0;
        -: 1282:}
        -: 1283:
        -: 1284:/*
        -: 1285:** Implementation of the POSIX closedir() function using the MSVCRT.
        -: 1286:*/
        -: 1287:INT closedir(
        -: 1288:  LPDIR dirp
        -: 1289:){
        -: 1290:  INT result = 0;
        -: 1291:
        -: 1292:  if( dirp==NULL ) return EINVAL;
        -: 1293:
        -: 1294:  if( dirp->d_handle!=NULL_INTPTR_T && dirp->d_handle!=BAD_INTPTR_T ){
        -: 1295:    result = _findclose(dirp->d_handle);
        -: 1296:  }
        -: 1297:
        -: 1298:  sqlite3_free(dirp);
        -: 1299:  return result;
        -: 1300:}
        -: 1301:
        -: 1302:#endif /* defined(WIN32) && defined(_MSC_VER) */
        -: 1303:
        -: 1304:/************************* End test_windirent.c ********************/
        -: 1305:#define dirent DIRENT
        -: 1306:#endif
        -: 1307:/************************* Begin ../ext/misc/shathree.c ******************/
        -: 1308:/*
        -: 1309:** 2017-03-08
        -: 1310:**
        -: 1311:** The author disclaims copyright to this source code.  In place of
        -: 1312:** a legal notice, here is a blessing:
        -: 1313:**
        -: 1314:**    May you do good and not evil.
        -: 1315:**    May you find forgiveness for yourself and forgive others.
        -: 1316:**    May you share freely, never taking more than you give.
        -: 1317:**
        -: 1318:******************************************************************************
        -: 1319:**
        -: 1320:** This SQLite extension implements functions that compute SHA3 hashes.
        -: 1321:** Two SQL functions are implemented:
        -: 1322:**
        -: 1323:**     sha3(X,SIZE)
        -: 1324:**     sha3_query(Y,SIZE)
        -: 1325:**
        -: 1326:** The sha3(X) function computes the SHA3 hash of the input X, or NULL if
        -: 1327:** X is NULL.
        -: 1328:**
        -: 1329:** The sha3_query(Y) function evalutes all queries in the SQL statements of Y
        -: 1330:** and returns a hash of their results.
        -: 1331:**
        -: 1332:** The SIZE argument is optional.  If omitted, the SHA3-256 hash algorithm
        -: 1333:** is used.  If SIZE is included it must be one of the integers 224, 256,
        -: 1334:** 384, or 512, to determine SHA3 hash variant that is computed.
        -: 1335:*/
        -: 1336:SQLITE_EXTENSION_INIT1
        -: 1337:#include <assert.h>
        -: 1338:#include <string.h>
        -: 1339:#include <stdarg.h>
        -: 1340:/* typedef sqlite3_uint64 u64; */
        -: 1341:
        -: 1342:/******************************************************************************
        -: 1343:** The Hash Engine
        -: 1344:*/
        -: 1345:/*
        -: 1346:** Macros to determine whether the machine is big or little endian,
        -: 1347:** and whether or not that determination is run-time or compile-time.
        -: 1348:**
        -: 1349:** For best performance, an attempt is made to guess at the byte-order
        -: 1350:** using C-preprocessor macros.  If that is unsuccessful, or if
        -: 1351:** -DSHA3_BYTEORDER=0 is set, then byte-order is determined
        -: 1352:** at run-time.
        -: 1353:*/
        -: 1354:#ifndef SHA3_BYTEORDER
        -: 1355:# if defined(i386)     || defined(__i386__)   || defined(_M_IX86) ||    \
        -: 1356:     defined(__x86_64) || defined(__x86_64__) || defined(_M_X64)  ||    \
        -: 1357:     defined(_M_AMD64) || defined(_M_ARM)     || defined(__x86)   ||    \
        -: 1358:     defined(__arm__)
        -: 1359:#   define SHA3_BYTEORDER    1234
        -: 1360:# elif defined(sparc)    || defined(__ppc__)
        -: 1361:#   define SHA3_BYTEORDER    4321
        -: 1362:# else
        -: 1363:#   define SHA3_BYTEORDER 0
        -: 1364:# endif
        -: 1365:#endif
        -: 1366:
        -: 1367:
        -: 1368:/*
        -: 1369:** State structure for a SHA3 hash in progress
        -: 1370:*/
        -: 1371:typedef struct SHA3Context SHA3Context;
        -: 1372:struct SHA3Context {
        -: 1373:  union {
        -: 1374:    u64 s[25];                /* Keccak state. 5x5 lines of 64 bits each */
        -: 1375:    unsigned char x[1600];    /* ... or 1600 bytes */
        -: 1376:  } u;
        -: 1377:  unsigned nRate;        /* Bytes of input accepted per Keccak iteration */
        -: 1378:  unsigned nLoaded;      /* Input bytes loaded into u.x[] so far this cycle */
        -: 1379:  unsigned ixMask;       /* Insert next input into u.x[nLoaded^ixMask]. */
        -: 1380:};
        -: 1381:
        -: 1382:/*
        -: 1383:** A single step of the Keccak mixing function for a 1600-bit state
        -: 1384:*/
    #####: 1385:static void KeccakF1600Step(SHA3Context *p){
        -: 1386:  int i;
        -: 1387:  u64 b0, b1, b2, b3, b4;
        -: 1388:  u64 c0, c1, c2, c3, c4;
        -: 1389:  u64 d0, d1, d2, d3, d4;
        -: 1390:  static const u64 RC[] = {
        -: 1391:    0x0000000000000001ULL,  0x0000000000008082ULL,
        -: 1392:    0x800000000000808aULL,  0x8000000080008000ULL,
        -: 1393:    0x000000000000808bULL,  0x0000000080000001ULL,
        -: 1394:    0x8000000080008081ULL,  0x8000000000008009ULL,
        -: 1395:    0x000000000000008aULL,  0x0000000000000088ULL,
        -: 1396:    0x0000000080008009ULL,  0x000000008000000aULL,
        -: 1397:    0x000000008000808bULL,  0x800000000000008bULL,
        -: 1398:    0x8000000000008089ULL,  0x8000000000008003ULL,
        -: 1399:    0x8000000000008002ULL,  0x8000000000000080ULL,
        -: 1400:    0x000000000000800aULL,  0x800000008000000aULL,
        -: 1401:    0x8000000080008081ULL,  0x8000000000008080ULL,
        -: 1402:    0x0000000080000001ULL,  0x8000000080008008ULL
        -: 1403:  };
        -: 1404:# define a00 (p->u.s[0])
        -: 1405:# define a01 (p->u.s[1])
        -: 1406:# define a02 (p->u.s[2])
        -: 1407:# define a03 (p->u.s[3])
        -: 1408:# define a04 (p->u.s[4])
        -: 1409:# define a10 (p->u.s[5])
        -: 1410:# define a11 (p->u.s[6])
        -: 1411:# define a12 (p->u.s[7])
        -: 1412:# define a13 (p->u.s[8])
        -: 1413:# define a14 (p->u.s[9])
        -: 1414:# define a20 (p->u.s[10])
        -: 1415:# define a21 (p->u.s[11])
        -: 1416:# define a22 (p->u.s[12])
        -: 1417:# define a23 (p->u.s[13])
        -: 1418:# define a24 (p->u.s[14])
        -: 1419:# define a30 (p->u.s[15])
        -: 1420:# define a31 (p->u.s[16])
        -: 1421:# define a32 (p->u.s[17])
        -: 1422:# define a33 (p->u.s[18])
        -: 1423:# define a34 (p->u.s[19])
        -: 1424:# define a40 (p->u.s[20])
        -: 1425:# define a41 (p->u.s[21])
        -: 1426:# define a42 (p->u.s[22])
        -: 1427:# define a43 (p->u.s[23])
        -: 1428:# define a44 (p->u.s[24])
        -: 1429:# define ROL64(a,x) ((a<<x)|(a>>(64-x)))
        -: 1430:
    #####: 1431:  for(i=0; i<24; i+=4){
    #####: 1432:    c0 = a00^a10^a20^a30^a40;
    #####: 1433:    c1 = a01^a11^a21^a31^a41;
    #####: 1434:    c2 = a02^a12^a22^a32^a42;
    #####: 1435:    c3 = a03^a13^a23^a33^a43;
    #####: 1436:    c4 = a04^a14^a24^a34^a44;
    #####: 1437:    d0 = c4^ROL64(c1, 1);
    #####: 1438:    d1 = c0^ROL64(c2, 1);
    #####: 1439:    d2 = c1^ROL64(c3, 1);
    #####: 1440:    d3 = c2^ROL64(c4, 1);
    #####: 1441:    d4 = c3^ROL64(c0, 1);
        -: 1442:
    #####: 1443:    b0 = (a00^d0);
    #####: 1444:    b1 = ROL64((a11^d1), 44);
    #####: 1445:    b2 = ROL64((a22^d2), 43);
    #####: 1446:    b3 = ROL64((a33^d3), 21);
    #####: 1447:    b4 = ROL64((a44^d4), 14);
    #####: 1448:    a00 =   b0 ^((~b1)&  b2 );
    #####: 1449:    a00 ^= RC[i];
    #####: 1450:    a11 =   b1 ^((~b2)&  b3 );
    #####: 1451:    a22 =   b2 ^((~b3)&  b4 );
    #####: 1452:    a33 =   b3 ^((~b4)&  b0 );
    #####: 1453:    a44 =   b4 ^((~b0)&  b1 );
        -: 1454:
    #####: 1455:    b2 = ROL64((a20^d0), 3);
    #####: 1456:    b3 = ROL64((a31^d1), 45);
    #####: 1457:    b4 = ROL64((a42^d2), 61);
    #####: 1458:    b0 = ROL64((a03^d3), 28);
    #####: 1459:    b1 = ROL64((a14^d4), 20);
    #####: 1460:    a20 =   b0 ^((~b1)&  b2 );
    #####: 1461:    a31 =   b1 ^((~b2)&  b3 );
    #####: 1462:    a42 =   b2 ^((~b3)&  b4 );
    #####: 1463:    a03 =   b3 ^((~b4)&  b0 );
    #####: 1464:    a14 =   b4 ^((~b0)&  b1 );
        -: 1465:
    #####: 1466:    b4 = ROL64((a40^d0), 18);
    #####: 1467:    b0 = ROL64((a01^d1), 1);
    #####: 1468:    b1 = ROL64((a12^d2), 6);
    #####: 1469:    b2 = ROL64((a23^d3), 25);
    #####: 1470:    b3 = ROL64((a34^d4), 8);
    #####: 1471:    a40 =   b0 ^((~b1)&  b2 );
    #####: 1472:    a01 =   b1 ^((~b2)&  b3 );
    #####: 1473:    a12 =   b2 ^((~b3)&  b4 );
    #####: 1474:    a23 =   b3 ^((~b4)&  b0 );
    #####: 1475:    a34 =   b4 ^((~b0)&  b1 );
        -: 1476:
    #####: 1477:    b1 = ROL64((a10^d0), 36);
    #####: 1478:    b2 = ROL64((a21^d1), 10);
    #####: 1479:    b3 = ROL64((a32^d2), 15);
    #####: 1480:    b4 = ROL64((a43^d3), 56);
    #####: 1481:    b0 = ROL64((a04^d4), 27);
    #####: 1482:    a10 =   b0 ^((~b1)&  b2 );
    #####: 1483:    a21 =   b1 ^((~b2)&  b3 );
    #####: 1484:    a32 =   b2 ^((~b3)&  b4 );
    #####: 1485:    a43 =   b3 ^((~b4)&  b0 );
    #####: 1486:    a04 =   b4 ^((~b0)&  b1 );
        -: 1487:
    #####: 1488:    b3 = ROL64((a30^d0), 41);
    #####: 1489:    b4 = ROL64((a41^d1), 2);
    #####: 1490:    b0 = ROL64((a02^d2), 62);
    #####: 1491:    b1 = ROL64((a13^d3), 55);
    #####: 1492:    b2 = ROL64((a24^d4), 39);
    #####: 1493:    a30 =   b0 ^((~b1)&  b2 );
    #####: 1494:    a41 =   b1 ^((~b2)&  b3 );
    #####: 1495:    a02 =   b2 ^((~b3)&  b4 );
    #####: 1496:    a13 =   b3 ^((~b4)&  b0 );
    #####: 1497:    a24 =   b4 ^((~b0)&  b1 );
        -: 1498:
    #####: 1499:    c0 = a00^a20^a40^a10^a30;
    #####: 1500:    c1 = a11^a31^a01^a21^a41;
    #####: 1501:    c2 = a22^a42^a12^a32^a02;
    #####: 1502:    c3 = a33^a03^a23^a43^a13;
    #####: 1503:    c4 = a44^a14^a34^a04^a24;
    #####: 1504:    d0 = c4^ROL64(c1, 1);
    #####: 1505:    d1 = c0^ROL64(c2, 1);
    #####: 1506:    d2 = c1^ROL64(c3, 1);
    #####: 1507:    d3 = c2^ROL64(c4, 1);
    #####: 1508:    d4 = c3^ROL64(c0, 1);
        -: 1509:
    #####: 1510:    b0 = (a00^d0);
    #####: 1511:    b1 = ROL64((a31^d1), 44);
    #####: 1512:    b2 = ROL64((a12^d2), 43);
    #####: 1513:    b3 = ROL64((a43^d3), 21);
    #####: 1514:    b4 = ROL64((a24^d4), 14);
    #####: 1515:    a00 =   b0 ^((~b1)&  b2 );
    #####: 1516:    a00 ^= RC[i+1];
    #####: 1517:    a31 =   b1 ^((~b2)&  b3 );
    #####: 1518:    a12 =   b2 ^((~b3)&  b4 );
    #####: 1519:    a43 =   b3 ^((~b4)&  b0 );
    #####: 1520:    a24 =   b4 ^((~b0)&  b1 );
        -: 1521:
    #####: 1522:    b2 = ROL64((a40^d0), 3);
    #####: 1523:    b3 = ROL64((a21^d1), 45);
    #####: 1524:    b4 = ROL64((a02^d2), 61);
    #####: 1525:    b0 = ROL64((a33^d3), 28);
    #####: 1526:    b1 = ROL64((a14^d4), 20);
    #####: 1527:    a40 =   b0 ^((~b1)&  b2 );
    #####: 1528:    a21 =   b1 ^((~b2)&  b3 );
    #####: 1529:    a02 =   b2 ^((~b3)&  b4 );
    #####: 1530:    a33 =   b3 ^((~b4)&  b0 );
    #####: 1531:    a14 =   b4 ^((~b0)&  b1 );
        -: 1532:
    #####: 1533:    b4 = ROL64((a30^d0), 18);
    #####: 1534:    b0 = ROL64((a11^d1), 1);
    #####: 1535:    b1 = ROL64((a42^d2), 6);
    #####: 1536:    b2 = ROL64((a23^d3), 25);
    #####: 1537:    b3 = ROL64((a04^d4), 8);
    #####: 1538:    a30 =   b0 ^((~b1)&  b2 );
    #####: 1539:    a11 =   b1 ^((~b2)&  b3 );
    #####: 1540:    a42 =   b2 ^((~b3)&  b4 );
    #####: 1541:    a23 =   b3 ^((~b4)&  b0 );
    #####: 1542:    a04 =   b4 ^((~b0)&  b1 );
        -: 1543:
    #####: 1544:    b1 = ROL64((a20^d0), 36);
    #####: 1545:    b2 = ROL64((a01^d1), 10);
    #####: 1546:    b3 = ROL64((a32^d2), 15);
    #####: 1547:    b4 = ROL64((a13^d3), 56);
    #####: 1548:    b0 = ROL64((a44^d4), 27);
    #####: 1549:    a20 =   b0 ^((~b1)&  b2 );
    #####: 1550:    a01 =   b1 ^((~b2)&  b3 );
    #####: 1551:    a32 =   b2 ^((~b3)&  b4 );
    #####: 1552:    a13 =   b3 ^((~b4)&  b0 );
    #####: 1553:    a44 =   b4 ^((~b0)&  b1 );
        -: 1554:
    #####: 1555:    b3 = ROL64((a10^d0), 41);
    #####: 1556:    b4 = ROL64((a41^d1), 2);
    #####: 1557:    b0 = ROL64((a22^d2), 62);
    #####: 1558:    b1 = ROL64((a03^d3), 55);
    #####: 1559:    b2 = ROL64((a34^d4), 39);
    #####: 1560:    a10 =   b0 ^((~b1)&  b2 );
    #####: 1561:    a41 =   b1 ^((~b2)&  b3 );
    #####: 1562:    a22 =   b2 ^((~b3)&  b4 );
    #####: 1563:    a03 =   b3 ^((~b4)&  b0 );
    #####: 1564:    a34 =   b4 ^((~b0)&  b1 );
        -: 1565:
    #####: 1566:    c0 = a00^a40^a30^a20^a10;
    #####: 1567:    c1 = a31^a21^a11^a01^a41;
    #####: 1568:    c2 = a12^a02^a42^a32^a22;
    #####: 1569:    c3 = a43^a33^a23^a13^a03;
    #####: 1570:    c4 = a24^a14^a04^a44^a34;
    #####: 1571:    d0 = c4^ROL64(c1, 1);
    #####: 1572:    d1 = c0^ROL64(c2, 1);
    #####: 1573:    d2 = c1^ROL64(c3, 1);
    #####: 1574:    d3 = c2^ROL64(c4, 1);
    #####: 1575:    d4 = c3^ROL64(c0, 1);
        -: 1576:
    #####: 1577:    b0 = (a00^d0);
    #####: 1578:    b1 = ROL64((a21^d1), 44);
    #####: 1579:    b2 = ROL64((a42^d2), 43);
    #####: 1580:    b3 = ROL64((a13^d3), 21);
    #####: 1581:    b4 = ROL64((a34^d4), 14);
    #####: 1582:    a00 =   b0 ^((~b1)&  b2 );
    #####: 1583:    a00 ^= RC[i+2];
    #####: 1584:    a21 =   b1 ^((~b2)&  b3 );
    #####: 1585:    a42 =   b2 ^((~b3)&  b4 );
    #####: 1586:    a13 =   b3 ^((~b4)&  b0 );
    #####: 1587:    a34 =   b4 ^((~b0)&  b1 );
        -: 1588:
    #####: 1589:    b2 = ROL64((a30^d0), 3);
    #####: 1590:    b3 = ROL64((a01^d1), 45);
    #####: 1591:    b4 = ROL64((a22^d2), 61);
    #####: 1592:    b0 = ROL64((a43^d3), 28);
    #####: 1593:    b1 = ROL64((a14^d4), 20);
    #####: 1594:    a30 =   b0 ^((~b1)&  b2 );
    #####: 1595:    a01 =   b1 ^((~b2)&  b3 );
    #####: 1596:    a22 =   b2 ^((~b3)&  b4 );
    #####: 1597:    a43 =   b3 ^((~b4)&  b0 );
    #####: 1598:    a14 =   b4 ^((~b0)&  b1 );
        -: 1599:
    #####: 1600:    b4 = ROL64((a10^d0), 18);
    #####: 1601:    b0 = ROL64((a31^d1), 1);
    #####: 1602:    b1 = ROL64((a02^d2), 6);
    #####: 1603:    b2 = ROL64((a23^d3), 25);
    #####: 1604:    b3 = ROL64((a44^d4), 8);
    #####: 1605:    a10 =   b0 ^((~b1)&  b2 );
    #####: 1606:    a31 =   b1 ^((~b2)&  b3 );
    #####: 1607:    a02 =   b2 ^((~b3)&  b4 );
    #####: 1608:    a23 =   b3 ^((~b4)&  b0 );
    #####: 1609:    a44 =   b4 ^((~b0)&  b1 );
        -: 1610:
    #####: 1611:    b1 = ROL64((a40^d0), 36);
    #####: 1612:    b2 = ROL64((a11^d1), 10);
    #####: 1613:    b3 = ROL64((a32^d2), 15);
    #####: 1614:    b4 = ROL64((a03^d3), 56);
    #####: 1615:    b0 = ROL64((a24^d4), 27);
    #####: 1616:    a40 =   b0 ^((~b1)&  b2 );
    #####: 1617:    a11 =   b1 ^((~b2)&  b3 );
    #####: 1618:    a32 =   b2 ^((~b3)&  b4 );
    #####: 1619:    a03 =   b3 ^((~b4)&  b0 );
    #####: 1620:    a24 =   b4 ^((~b0)&  b1 );
        -: 1621:
    #####: 1622:    b3 = ROL64((a20^d0), 41);
    #####: 1623:    b4 = ROL64((a41^d1), 2);
    #####: 1624:    b0 = ROL64((a12^d2), 62);
    #####: 1625:    b1 = ROL64((a33^d3), 55);
    #####: 1626:    b2 = ROL64((a04^d4), 39);
    #####: 1627:    a20 =   b0 ^((~b1)&  b2 );
    #####: 1628:    a41 =   b1 ^((~b2)&  b3 );
    #####: 1629:    a12 =   b2 ^((~b3)&  b4 );
    #####: 1630:    a33 =   b3 ^((~b4)&  b0 );
    #####: 1631:    a04 =   b4 ^((~b0)&  b1 );
        -: 1632:
    #####: 1633:    c0 = a00^a30^a10^a40^a20;
    #####: 1634:    c1 = a21^a01^a31^a11^a41;
    #####: 1635:    c2 = a42^a22^a02^a32^a12;
    #####: 1636:    c3 = a13^a43^a23^a03^a33;
    #####: 1637:    c4 = a34^a14^a44^a24^a04;
    #####: 1638:    d0 = c4^ROL64(c1, 1);
    #####: 1639:    d1 = c0^ROL64(c2, 1);
    #####: 1640:    d2 = c1^ROL64(c3, 1);
    #####: 1641:    d3 = c2^ROL64(c4, 1);
    #####: 1642:    d4 = c3^ROL64(c0, 1);
        -: 1643:
    #####: 1644:    b0 = (a00^d0);
    #####: 1645:    b1 = ROL64((a01^d1), 44);
    #####: 1646:    b2 = ROL64((a02^d2), 43);
    #####: 1647:    b3 = ROL64((a03^d3), 21);
    #####: 1648:    b4 = ROL64((a04^d4), 14);
    #####: 1649:    a00 =   b0 ^((~b1)&  b2 );
    #####: 1650:    a00 ^= RC[i+3];
    #####: 1651:    a01 =   b1 ^((~b2)&  b3 );
    #####: 1652:    a02 =   b2 ^((~b3)&  b4 );
    #####: 1653:    a03 =   b3 ^((~b4)&  b0 );
    #####: 1654:    a04 =   b4 ^((~b0)&  b1 );
        -: 1655:
    #####: 1656:    b2 = ROL64((a10^d0), 3);
    #####: 1657:    b3 = ROL64((a11^d1), 45);
    #####: 1658:    b4 = ROL64((a12^d2), 61);
    #####: 1659:    b0 = ROL64((a13^d3), 28);
    #####: 1660:    b1 = ROL64((a14^d4), 20);
    #####: 1661:    a10 =   b0 ^((~b1)&  b2 );
    #####: 1662:    a11 =   b1 ^((~b2)&  b3 );
    #####: 1663:    a12 =   b2 ^((~b3)&  b4 );
    #####: 1664:    a13 =   b3 ^((~b4)&  b0 );
    #####: 1665:    a14 =   b4 ^((~b0)&  b1 );
        -: 1666:
    #####: 1667:    b4 = ROL64((a20^d0), 18);
    #####: 1668:    b0 = ROL64((a21^d1), 1);
    #####: 1669:    b1 = ROL64((a22^d2), 6);
    #####: 1670:    b2 = ROL64((a23^d3), 25);
    #####: 1671:    b3 = ROL64((a24^d4), 8);
    #####: 1672:    a20 =   b0 ^((~b1)&  b2 );
    #####: 1673:    a21 =   b1 ^((~b2)&  b3 );
    #####: 1674:    a22 =   b2 ^((~b3)&  b4 );
    #####: 1675:    a23 =   b3 ^((~b4)&  b0 );
    #####: 1676:    a24 =   b4 ^((~b0)&  b1 );
        -: 1677:
    #####: 1678:    b1 = ROL64((a30^d0), 36);
    #####: 1679:    b2 = ROL64((a31^d1), 10);
    #####: 1680:    b3 = ROL64((a32^d2), 15);
    #####: 1681:    b4 = ROL64((a33^d3), 56);
    #####: 1682:    b0 = ROL64((a34^d4), 27);
    #####: 1683:    a30 =   b0 ^((~b1)&  b2 );
    #####: 1684:    a31 =   b1 ^((~b2)&  b3 );
    #####: 1685:    a32 =   b2 ^((~b3)&  b4 );
    #####: 1686:    a33 =   b3 ^((~b4)&  b0 );
    #####: 1687:    a34 =   b4 ^((~b0)&  b1 );
        -: 1688:
    #####: 1689:    b3 = ROL64((a40^d0), 41);
    #####: 1690:    b4 = ROL64((a41^d1), 2);
    #####: 1691:    b0 = ROL64((a42^d2), 62);
    #####: 1692:    b1 = ROL64((a43^d3), 55);
    #####: 1693:    b2 = ROL64((a44^d4), 39);
    #####: 1694:    a40 =   b0 ^((~b1)&  b2 );
    #####: 1695:    a41 =   b1 ^((~b2)&  b3 );
    #####: 1696:    a42 =   b2 ^((~b3)&  b4 );
    #####: 1697:    a43 =   b3 ^((~b4)&  b0 );
    #####: 1698:    a44 =   b4 ^((~b0)&  b1 );
        -: 1699:  }
    #####: 1700:}
        -: 1701:
        -: 1702:/*
        -: 1703:** Initialize a new hash.  iSize determines the size of the hash
        -: 1704:** in bits and should be one of 224, 256, 384, or 512.  Or iSize
        -: 1705:** can be zero to use the default hash size of 256 bits.
        -: 1706:*/
    #####: 1707:static void SHA3Init(SHA3Context *p, int iSize){
    #####: 1708:  memset(p, 0, sizeof(*p));
    #####: 1709:  if( iSize>=128 && iSize<=512 ){
    #####: 1710:    p->nRate = (1600 - ((iSize + 31)&~31)*2)/8;
        -: 1711:  }else{
    #####: 1712:    p->nRate = (1600 - 2*256)/8;
        -: 1713:  }
        -: 1714:#if SHA3_BYTEORDER==1234
        -: 1715:  /* Known to be little-endian at compile-time. No-op */
        -: 1716:#elif SHA3_BYTEORDER==4321
        -: 1717:  p->ixMask = 7;  /* Big-endian */
        -: 1718:#else
        -: 1719:  {
        -: 1720:    static unsigned int one = 1;
    #####: 1721:    if( 1==*(unsigned char*)&one ){
        -: 1722:      /* Little endian.  No byte swapping. */
    #####: 1723:      p->ixMask = 0;
        -: 1724:    }else{
        -: 1725:      /* Big endian.  Byte swap. */
    #####: 1726:      p->ixMask = 7;
        -: 1727:    }
        -: 1728:  }
        -: 1729:#endif
    #####: 1730:}
        -: 1731:
        -: 1732:/*
        -: 1733:** Make consecutive calls to the SHA3Update function to add new content
        -: 1734:** to the hash
        -: 1735:*/
    #####: 1736:static void SHA3Update(
        -: 1737:  SHA3Context *p,
        -: 1738:  const unsigned char *aData,
        -: 1739:  unsigned int nData
        -: 1740:){
    #####: 1741:  unsigned int i = 0;
        -: 1742:#if SHA3_BYTEORDER==1234
        -: 1743:  if( (p->nLoaded % 8)==0 && ((aData - (const unsigned char*)0)&7)==0 ){
        -: 1744:    for(; i+7<nData; i+=8){
        -: 1745:      p->u.s[p->nLoaded/8] ^= *(u64*)&aData[i];
        -: 1746:      p->nLoaded += 8;
        -: 1747:      if( p->nLoaded>=p->nRate ){
        -: 1748:        KeccakF1600Step(p);
        -: 1749:        p->nLoaded = 0;
        -: 1750:      }
        -: 1751:    }
        -: 1752:  }
        -: 1753:#endif
    #####: 1754:  for(; i<nData; i++){
        -: 1755:#if SHA3_BYTEORDER==1234
        -: 1756:    p->u.x[p->nLoaded] ^= aData[i];
        -: 1757:#elif SHA3_BYTEORDER==4321
        -: 1758:    p->u.x[p->nLoaded^0x07] ^= aData[i];
        -: 1759:#else
    #####: 1760:    p->u.x[p->nLoaded^p->ixMask] ^= aData[i];
        -: 1761:#endif
    #####: 1762:    p->nLoaded++;
    #####: 1763:    if( p->nLoaded==p->nRate ){
    #####: 1764:      KeccakF1600Step(p);
    #####: 1765:      p->nLoaded = 0;
        -: 1766:    }
        -: 1767:  }
    #####: 1768:}
        -: 1769:
        -: 1770:/*
        -: 1771:** After all content has been added, invoke SHA3Final() to compute
        -: 1772:** the final hash.  The function returns a pointer to the binary
        -: 1773:** hash value.
        -: 1774:*/
    #####: 1775:static unsigned char *SHA3Final(SHA3Context *p){
        -: 1776:  unsigned int i;
    #####: 1777:  if( p->nLoaded==p->nRate-1 ){
    #####: 1778:    const unsigned char c1 = 0x86;
    #####: 1779:    SHA3Update(p, &c1, 1);
        -: 1780:  }else{
    #####: 1781:    const unsigned char c2 = 0x06;
    #####: 1782:    const unsigned char c3 = 0x80;
    #####: 1783:    SHA3Update(p, &c2, 1);
    #####: 1784:    p->nLoaded = p->nRate - 1;
    #####: 1785:    SHA3Update(p, &c3, 1);
        -: 1786:  }
    #####: 1787:  for(i=0; i<p->nRate; i++){
    #####: 1788:    p->u.x[i+p->nRate] = p->u.x[i^p->ixMask];
        -: 1789:  }
    #####: 1790:  return &p->u.x[p->nRate];
        -: 1791:}
        -: 1792:/* End of the hashing logic
        -: 1793:*****************************************************************************/
        -: 1794:
        -: 1795:/*
        -: 1796:** Implementation of the sha3(X,SIZE) function.
        -: 1797:**
        -: 1798:** Return a BLOB which is the SIZE-bit SHA3 hash of X.  The default
        -: 1799:** size is 256.  If X is a BLOB, it is hashed as is.  
        -: 1800:** For all other non-NULL types of input, X is converted into a UTF-8 string
        -: 1801:** and the string is hashed without the trailing 0x00 terminator.  The hash
        -: 1802:** of a NULL value is NULL.
        -: 1803:*/
    #####: 1804:static void sha3Func(
        -: 1805:  sqlite3_context *context,
        -: 1806:  int argc,
        -: 1807:  sqlite3_value **argv
        -: 1808:){
        -: 1809:  SHA3Context cx;
    #####: 1810:  int eType = sqlite3_value_type(argv[0]);
    #####: 1811:  int nByte = sqlite3_value_bytes(argv[0]);
        -: 1812:  int iSize;
    #####: 1813:  if( argc==1 ){
    #####: 1814:    iSize = 256;
        -: 1815:  }else{
    #####: 1816:    iSize = sqlite3_value_int(argv[1]);
    #####: 1817:    if( iSize!=224 && iSize!=256 && iSize!=384 && iSize!=512 ){
    #####: 1818:      sqlite3_result_error(context, "SHA3 size should be one of: 224 256 "
        -: 1819:                                    "384 512", -1);
    #####: 1820:      return;
        -: 1821:    }
        -: 1822:  }
    #####: 1823:  if( eType==SQLITE_NULL ) return;
    #####: 1824:  SHA3Init(&cx, iSize);
    #####: 1825:  if( eType==SQLITE_BLOB ){
    #####: 1826:    SHA3Update(&cx, sqlite3_value_blob(argv[0]), nByte);
        -: 1827:  }else{
    #####: 1828:    SHA3Update(&cx, sqlite3_value_text(argv[0]), nByte);
        -: 1829:  }
    #####: 1830:  sqlite3_result_blob(context, SHA3Final(&cx), iSize/8, SQLITE_TRANSIENT);
        -: 1831:}
        -: 1832:
        -: 1833:/* Compute a string using sqlite3_vsnprintf() with a maximum length
        -: 1834:** of 50 bytes and add it to the hash.
        -: 1835:*/
    #####: 1836:static void hash_step_vformat(
        -: 1837:  SHA3Context *p,                 /* Add content to this context */
        -: 1838:  const char *zFormat,
        -: 1839:  ...
        -: 1840:){
        -: 1841:  va_list ap;
        -: 1842:  int n;
        -: 1843:  char zBuf[50];
    #####: 1844:  va_start(ap, zFormat);
    #####: 1845:  sqlite3_vsnprintf(sizeof(zBuf),zBuf,zFormat,ap);
    #####: 1846:  va_end(ap);
    #####: 1847:  n = (int)strlen(zBuf);
    #####: 1848:  SHA3Update(p, (unsigned char*)zBuf, n);
    #####: 1849:}
        -: 1850:
        -: 1851:/*
        -: 1852:** Implementation of the sha3_query(SQL,SIZE) function.
        -: 1853:**
        -: 1854:** This function compiles and runs the SQL statement(s) given in the
        -: 1855:** argument. The results are hashed using a SIZE-bit SHA3.  The default
        -: 1856:** size is 256.
        -: 1857:**
        -: 1858:** The format of the byte stream that is hashed is summarized as follows:
        -: 1859:**
        -: 1860:**       S<n>:<sql>
        -: 1861:**       R
        -: 1862:**       N
        -: 1863:**       I<int>
        -: 1864:**       F<ieee-float>
[...]
        -:16113:    char *z;
    #####:16114:    z = argv[i];
    #####:16115:    if( z[0]!='-' ){
    #####:16116:      if( data.zDbFilename==0 ){
    #####:16117:        data.zDbFilename = z;
        -:16118:      }else{
        -:16119:        /* Excesss arguments are interpreted as SQL (or dot-commands) and
        -:16120:        ** mean that nothing is read from stdin */
    #####:16121:        readStdin = 0;
    #####:16122:        nCmd++;
    #####:16123:        azCmd = realloc(azCmd, sizeof(azCmd[0])*nCmd);
    #####:16124:        if( azCmd==0 ) shell_out_of_memory();
    #####:16125:        azCmd[nCmd-1] = z;
        -:16126:      }
        -:16127:    }
    #####:16128:    if( z[1]=='-' ) z++;
    #####:16129:    if( strcmp(z,"-separator")==0
    #####:16130:     || strcmp(z,"-nullvalue")==0
    #####:16131:     || strcmp(z,"-newline")==0
    #####:16132:     || strcmp(z,"-cmd")==0
        -:16133:    ){
    #####:16134:      (void)cmdline_option_value(argc, argv, ++i);
    #####:16135:    }else if( strcmp(z,"-init")==0 ){
    #####:16136:      zInitFile = cmdline_option_value(argc, argv, ++i);
    #####:16137:    }else if( strcmp(z,"-batch")==0 ){
        -:16138:      /* Need to check for batch mode here to so we can avoid printing
        -:16139:      ** informational messages (like from process_sqliterc) before
        -:16140:      ** we do the actual processing of arguments later in a second pass.
        -:16141:      */
    #####:16142:      stdin_is_interactive = 0;
    #####:16143:    }else if( strcmp(z,"-heap")==0 ){
        -:16144:#if defined(SQLITE_ENABLE_MEMSYS3) || defined(SQLITE_ENABLE_MEMSYS5)
        -:16145:      const char *zSize;
        -:16146:      sqlite3_int64 szHeap;
        -:16147:
        -:16148:      zSize = cmdline_option_value(argc, argv, ++i);
        -:16149:      szHeap = integerValue(zSize);
        -:16150:      if( szHeap>0x7fff0000 ) szHeap = 0x7fff0000;
        -:16151:      sqlite3_config(SQLITE_CONFIG_HEAP, malloc((int)szHeap), (int)szHeap, 64);
        -:16152:#else
    #####:16153:      (void)cmdline_option_value(argc, argv, ++i);
        -:16154:#endif
    #####:16155:    }else if( strcmp(z,"-pagecache")==0 ){
        -:16156:      int n, sz;
    #####:16157:      sz = (int)integerValue(cmdline_option_value(argc,argv,++i));
    #####:16158:      if( sz>70000 ) sz = 70000;
    #####:16159:      if( sz<0 ) sz = 0;
    #####:16160:      n = (int)integerValue(cmdline_option_value(argc,argv,++i));
    #####:16161:      sqlite3_config(SQLITE_CONFIG_PAGECACHE,
    #####:16162:                    (n>0 && sz>0) ? malloc(n*sz) : 0, sz, n);
    #####:16163:      data.shellFlgs |= SHFLG_Pagecache;
    #####:16164:    }else if( strcmp(z,"-lookaside")==0 ){
        -:16165:      int n, sz;
    #####:16166:      sz = (int)integerValue(cmdline_option_value(argc,argv,++i));
    #####:16167:      if( sz<0 ) sz = 0;
    #####:16168:      n = (int)integerValue(cmdline_option_value(argc,argv,++i));
    #####:16169:      if( n<0 ) n = 0;
    #####:16170:      sqlite3_config(SQLITE_CONFIG_LOOKASIDE, sz, n);
    #####:16171:      if( sz*n==0 ) data.shellFlgs &= ~SHFLG_Lookaside;
        -:16172:#ifdef SQLITE_ENABLE_VFSTRACE
        -:16173:    }else if( strcmp(z,"-vfstrace")==0 ){
        -:16174:      extern int vfstrace_register(
        -:16175:         const char *zTraceName,
        -:16176:         const char *zOldVfsName,
        -:16177:         int (*xOut)(const char*,void*),
        -:16178:         void *pOutArg,
        -:16179:         int makeDefault
        -:16180:      );
        -:16181:      vfstrace_register("trace",0,(int(*)(const char*,void*))fputs,stderr,1);
        -:16182:#endif
        -:16183:#ifdef SQLITE_ENABLE_MULTIPLEX
        -:16184:    }else if( strcmp(z,"-multiplex")==0 ){
        -:16185:      extern int sqlite3_multiple_initialize(const char*,int);
        -:16186:      sqlite3_multiplex_initialize(0, 1);
        -:16187:#endif
    #####:16188:    }else if( strcmp(z,"-mmap")==0 ){
    #####:16189:      sqlite3_int64 sz = integerValue(cmdline_option_value(argc,argv,++i));
    #####:16190:      sqlite3_config(SQLITE_CONFIG_MMAP_SIZE, sz, sz);
        -:16191:#ifdef SQLITE_ENABLE_SORTER_REFERENCES
        -:16192:    }else if( strcmp(z,"-sorterref")==0 ){
        -:16193:      sqlite3_int64 sz = integerValue(cmdline_option_value(argc,argv,++i));
        -:16194:      sqlite3_config(SQLITE_CONFIG_SORTERREF_SIZE, (int)sz);
        -:16195:#endif
    #####:16196:    }else if( strcmp(z,"-vfs")==0 ){
    #####:16197:      zVfs = cmdline_option_value(argc, argv, ++i);
        -:16198:#ifdef SQLITE_HAVE_ZLIB
    #####:16199:    }else if( strcmp(z,"-zip")==0 ){
    #####:16200:      data.openMode = SHELL_OPEN_ZIPFILE;
        -:16201:#endif
    #####:16202:    }else if( strcmp(z,"-append")==0 ){
    #####:16203:      data.openMode = SHELL_OPEN_APPENDVFS;
        -:16204:#ifdef SQLITE_ENABLE_DESERIALIZE
    #####:16205:    }else if( strcmp(z,"-deserialize")==0 ){
    #####:16206:      data.openMode = SHELL_OPEN_DESERIALIZE;
        -:16207:#endif
    #####:16208:    }else if( strcmp(z,"-readonly")==0 ){
    #####:16209:      data.openMode = SHELL_OPEN_READONLY;
        -:16210:#if !defined(SQLITE_OMIT_VIRTUALTABLE) && defined(SQLITE_HAVE_ZLIB)
    #####:16211:    }else if( strncmp(z, "-A",2)==0 ){
        -:16212:      /* All remaining command-line arguments are passed to the ".archive"
        -:16213:      ** command, so ignore them */
    #####:16214:      break;
        -:16215:#endif
        -:16216:    }
        -:16217:  }
        2:16218:  verify_uninitialized();
        -:16219:
        -:16220:
        -:16221:#ifdef SQLITE_SHELL_INIT_PROC
        -:16222:  {
        -:16223:    /* If the SQLITE_SHELL_INIT_PROC macro is defined, then it is the name
        -:16224:    ** of a C-function that will perform initialization actions on SQLite that
        -:16225:    ** occur just before or after sqlite3_initialize(). Use this compile-time
        -:16226:    ** option to embed this shell program in larger applications. */
        -:16227:    extern void SQLITE_SHELL_INIT_PROC(void);
        -:16228:    SQLITE_SHELL_INIT_PROC();
        -:16229:  }
        -:16230:#else
        -:16231:  /* All the sqlite3_config() calls have now been made. So it is safe
        -:16232:  ** to call sqlite3_initialize() and process any command line -vfs option. */
        2:16233:  sqlite3_initialize();
        -:16234:#endif
        -:16235:
        2:16236:  if( zVfs ){
    #####:16237:    sqlite3_vfs *pVfs = sqlite3_vfs_find(zVfs);
    #####:16238:    if( pVfs ){
    #####:16239:      sqlite3_vfs_register(pVfs, 1);
        -:16240:    }else{
    #####:16241:      utf8_printf(stderr, "no such VFS: \"%s\"\n", argv[i]);
    #####:16242:      exit(1);
        -:16243:    }
        -:16244:  }
        -:16245:
        2:16246:  if( data.zDbFilename==0 ){
        -:16247:#ifndef SQLITE_OMIT_MEMORYDB
        2:16248:    data.zDbFilename = ":memory:";
        2:16249:    warnInmemoryDb = argc==1;
        -:16250:#else
        -:16251:    utf8_printf(stderr,"%s: Error: no database filename specified\n", Argv0);
        -:16252:    return 1;
        -:16253:#endif
        -:16254:  }
        2:16255:  data.out = stdout;
        2:16256:  sqlite3_appendvfs_init(0,0,0);
        -:16257:
        -:16258:  /* Go ahead and open the database file if it already exists.  If the
        -:16259:  ** file does not exist, delay opening it.  This prevents empty database
        -:16260:  ** files from being created if a user mistypes the database name argument
        -:16261:  ** to the sqlite command-line tool.
        -:16262:  */
        2:16263:  if( access(data.zDbFilename, 0)==0 ){
    #####:16264:    open_db(&data, 0);
        -:16265:  }
        -:16266:
        -:16267:  /* Process the initialization file if there is one.  If no -init option
        -:16268:  ** is given on the command line, look for a file named ~/.sqliterc and
        -:16269:  ** try to process it.
        -:16270:  */
        2:16271:  process_sqliterc(&data,zInitFile);
        -:16272:
        -:16273:  /* Make a second pass through the command-line argument and set
        -:16274:  ** options.  This second pass is delayed until after the initialization
        -:16275:  ** file is processed so that the command-line arguments will override
        -:16276:  ** settings in the initialization file.
        -:16277:  */
       2*:16278:  for(i=1; i<argc; i++){
    #####:16279:    char *z = argv[i];
    #####:16280:    if( z[0]!='-' ) continue;
    #####:16281:    if( z[1]=='-' ){ z++; }
    #####:16282:    if( strcmp(z,"-init")==0 ){
    #####:16283:      i++;
    #####:16284:    }else if( strcmp(z,"-html")==0 ){
    #####:16285:      data.mode = MODE_Html;
    #####:16286:    }else if( strcmp(z,"-list")==0 ){
    #####:16287:      data.mode = MODE_List;
    #####:16288:    }else if( strcmp(z,"-quote")==0 ){
    #####:16289:      data.mode = MODE_Quote;
    #####:16290:    }else if( strcmp(z,"-line")==0 ){
    #####:16291:      data.mode = MODE_Line;
    #####:16292:    }else if( strcmp(z,"-column")==0 ){
    #####:16293:      data.mode = MODE_Column;
    #####:16294:    }else if( strcmp(z,"-csv")==0 ){
    #####:16295:      data.mode = MODE_Csv;
    #####:16296:      memcpy(data.colSeparator,",",2);
        -:16297:#ifdef SQLITE_HAVE_ZLIB
    #####:16298:    }else if( strcmp(z,"-zip")==0 ){
    #####:16299:      data.openMode = SHELL_OPEN_ZIPFILE;
        -:16300:#endif
    #####:16301:    }else if( strcmp(z,"-append")==0 ){
    #####:16302:      data.openMode = SHELL_OPEN_APPENDVFS;
        -:16303:#ifdef SQLITE_ENABLE_DESERIALIZE
    #####:16304:    }else if( strcmp(z,"-deserialize")==0 ){
    #####:16305:      data.openMode = SHELL_OPEN_DESERIALIZE;
        -:16306:#endif
    #####:16307:    }else if( strcmp(z,"-readonly")==0 ){
    #####:16308:      data.openMode = SHELL_OPEN_READONLY;
    #####:16309:    }else if( strcmp(z,"-ascii")==0 ){
    #####:16310:      data.mode = MODE_Ascii;
    #####:16311:      sqlite3_snprintf(sizeof(data.colSeparator), data.colSeparator,
        -:16312:                       SEP_Unit);
    #####:16313:      sqlite3_snprintf(sizeof(data.rowSeparator), data.rowSeparator,
        -:16314:                       SEP_Record);
    #####:16315:    }else if( strcmp(z,"-separator")==0 ){
    #####:16316:      sqlite3_snprintf(sizeof(data.colSeparator), data.colSeparator,
        -:16317:                       "%s",cmdline_option_value(argc,argv,++i));
    #####:16318:    }else if( strcmp(z,"-newline")==0 ){
    #####:16319:      sqlite3_snprintf(sizeof(data.rowSeparator), data.rowSeparator,
        -:16320:                       "%s",cmdline_option_value(argc,argv,++i));
    #####:16321:    }else if( strcmp(z,"-nullvalue")==0 ){
    #####:16322:      sqlite3_snprintf(sizeof(data.nullValue), data.nullValue,
        -:16323:                       "%s",cmdline_option_value(argc,argv,++i));
    #####:16324:    }else if( strcmp(z,"-header")==0 ){
    #####:16325:      data.showHeader = 1;
    #####:16326:    }else if( strcmp(z,"-noheader")==0 ){
    #####:16327:      data.showHeader = 0;
    #####:16328:    }else if( strcmp(z,"-echo")==0 ){
    #####:16329:      ShellSetFlag(&data, SHFLG_Echo);
    #####:16330:    }else if( strcmp(z,"-eqp")==0 ){
    #####:16331:      data.autoEQP = AUTOEQP_on;
    #####:16332:    }else if( strcmp(z,"-eqpfull")==0 ){
    #####:16333:      data.autoEQP = AUTOEQP_full;
    #####:16334:    }else if( strcmp(z,"-stats")==0 ){
    #####:16335:      data.statsOn = 1;
    #####:16336:    }else if( strcmp(z,"-scanstats")==0 ){
    #####:16337:      data.scanstatsOn = 1;
    #####:16338:    }else if( strcmp(z,"-backslash")==0 ){
        -:16339:      /* Undocumented command-line option: -backslash
        -:16340:      ** Causes C-style backslash escapes to be evaluated in SQL statements
        -:16341:      ** prior to sending the SQL into SQLite.  Useful for injecting
        -:16342:      ** crazy bytes in the middle of SQL statements for testing and debugging.
        -:16343:      */
    #####:16344:      ShellSetFlag(&data, SHFLG_Backslash);
    #####:16345:    }else if( strcmp(z,"-bail")==0 ){
    #####:16346:      bail_on_error = 1;
    #####:16347:    }else if( strcmp(z,"-version")==0 ){
    #####:16348:      printf("%s %s\n", sqlite3_libversion(), sqlite3_sourceid());
    #####:16349:      return 0;
    #####:16350:    }else if( strcmp(z,"-interactive")==0 ){
    #####:16351:      stdin_is_interactive = 1;
    #####:16352:    }else if( strcmp(z,"-batch")==0 ){
    #####:16353:      stdin_is_interactive = 0;
    #####:16354:    }else if( strcmp(z,"-heap")==0 ){
    #####:16355:      i++;
    #####:16356:    }else if( strcmp(z,"-pagecache")==0 ){
    #####:16357:      i+=2;
    #####:16358:    }else if( strcmp(z,"-lookaside")==0 ){
    #####:16359:      i+=2;
    #####:16360:    }else if( strcmp(z,"-mmap")==0 ){
    #####:16361:      i++;
        -:16362:#ifdef SQLITE_ENABLE_SORTER_REFERENCES
        -:16363:    }else if( strcmp(z,"-sorterref")==0 ){
        -:16364:      i++;
        -:16365:#endif
    #####:16366:    }else if( strcmp(z,"-vfs")==0 ){
    #####:16367:      i++;
        -:16368:#ifdef SQLITE_ENABLE_VFSTRACE
        -:16369:    }else if( strcmp(z,"-vfstrace")==0 ){
        -:16370:      i++;
        -:16371:#endif
        -:16372:#ifdef SQLITE_ENABLE_MULTIPLEX
        -:16373:    }else if( strcmp(z,"-multiplex")==0 ){
        -:16374:      i++;
        -:16375:#endif
    #####:16376:    }else if( strcmp(z,"-help")==0 ){
    #####:16377:      usage(1);
    #####:16378:    }else if( strcmp(z,"-cmd")==0 ){
        -:16379:      /* Run commands that follow -cmd first and separately from commands
        -:16380:      ** that simply appear on the command-line.  This seems goofy.  It would
        -:16381:      ** be better if all commands ran in the order that they appear.  But
        -:16382:      ** we retain the goofy behavior for historical compatibility. */
    #####:16383:      if( i==argc-1 ) break;
    #####:16384:      z = cmdline_option_value(argc,argv,++i);
    #####:16385:      if( z[0]=='.' ){
    #####:16386:        rc = do_meta_command(z, &data);
    #####:16387:        if( rc && bail_on_error ) return rc==2 ? 0 : rc;
        -:16388:      }else{
    #####:16389:        open_db(&data, 0);
    #####:16390:        rc = shell_exec(&data, z, &zErrMsg);
    #####:16391:        if( zErrMsg!=0 ){
    #####:16392:          utf8_printf(stderr,"Error: %s\n", zErrMsg);
    #####:16393:          if( bail_on_error ) return rc!=0 ? rc : 1;
    #####:16394:        }else if( rc!=0 ){
    #####:16395:          utf8_printf(stderr,"Error: unable to process SQL \"%s\"\n", z);
    #####:16396:          if( bail_on_error ) return rc;
        -:16397:        }
        -:16398:      }
        -:16399:#if !defined(SQLITE_OMIT_VIRTUALTABLE) && defined(SQLITE_HAVE_ZLIB)
    #####:16400:    }else if( strncmp(z, "-A", 2)==0 ){
    #####:16401:      if( nCmd>0 ){
    #####:16402:        utf8_printf(stderr, "Error: cannot mix regular SQL or dot-commands"
        -:16403:                            " with \"%s\"\n", z);
    #####:16404:        return 1;
        -:16405:      }
    #####:16406:      open_db(&data, OPEN_DB_ZIPFILE);
    #####:16407:      if( z[2] ){
    #####:16408:        argv[i] = &z[2];
    #####:16409:        arDotCommand(&data, 1, argv+(i-1), argc-(i-1));
        -:16410:      }else{
    #####:16411:        arDotCommand(&data, 1, argv+i, argc-i);
        -:16412:      }
    #####:16413:      readStdin = 0;
    #####:16414:      break;
        -:16415:#endif
        -:16416:    }else{
    #####:16417:      utf8_printf(stderr,"%s: Error: unknown option: %s\n", Argv0, z);
    #####:16418:      raw_printf(stderr,"Use -help for a list of options.\n");
    #####:16419:      return 1;
        -:16420:    }
    #####:16421:    data.cMode = data.mode;
        -:16422:  }
        -:16423:
        2:16424:  if( !readStdin ){
        -:16425:    /* Run all arguments that do not begin with '-' as if they were separate
        -:16426:    ** command-line inputs, except for the argToSkip argument which contains
        -:16427:    ** the database filename.
        -:16428:    */
    #####:16429:    for(i=0; i<nCmd; i++){
    #####:16430:      if( azCmd[i][0]=='.' ){
    #####:16431:        rc = do_meta_command(azCmd[i], &data);
    #####:16432:        if( rc ) return rc==2 ? 0 : rc;
        -:16433:      }else{
    #####:16434:        open_db(&data, 0);
    #####:16435:        rc = shell_exec(&data, azCmd[i], &zErrMsg);
    #####:16436:        if( zErrMsg!=0 ){
    #####:16437:          utf8_printf(stderr,"Error: %s\n", zErrMsg);
    #####:16438:          return rc!=0 ? rc : 1;
    #####:16439:        }else if( rc!=0 ){
    #####:16440:          utf8_printf(stderr,"Error: unable to process SQL: %s\n", azCmd[i]);
    #####:16441:          return rc;
        -:16442:        }
        -:16443:      }
        -:16444:    }
    #####:16445:    free(azCmd);
        -:16446:  }else{
        -:16447:    /* Run commands received from standard input
        -:16448:    */
        2:16449:    if( stdin_is_interactive ){
        -:16450:      char *zHome;
        -:16451:      char *zHistory;
        -:16452:      int nHistory;
        2:16453:      printf(
        -:16454:        "SQLite version %s %.19s\n" /*extra-version-info*/
        -:16455:        "Enter \".help\" for usage hints.\n",
        -:16456:        sqlite3_libversion(), sqlite3_sourceid()
        -:16457:      );
        2:16458:      if( warnInmemoryDb ){
        2:16459:        printf("Connected to a ");
        2:16460:        printBold("transient in-memory database");
        2:16461:        printf(".\nUse \".open FILENAME\" to reopen on a "
        -:16462:               "persistent database.\n");
        -:16463:      }
        2:16464:      zHistory = getenv("SQLITE_HISTORY");
        2:16465:      if( zHistory ){
    #####:16466:        zHistory = strdup(zHistory);
        2:16467:      }else if( (zHome = find_home_dir(0))!=0 ){
        2:16468:        nHistory = strlen30(zHome) + 20;
        2:16469:        if( (zHistory = malloc(nHistory))!=0 ){
        2:16470:          sqlite3_snprintf(nHistory, zHistory,"%s/.sqlite_history", zHome);
        -:16471:        }
        -:16472:      }
        -:16473:      if( zHistory ){ shell_read_history(zHistory); }
        -:16474:#if HAVE_READLINE || HAVE_EDITLINE
        -:16475:      rl_attempted_completion_function = readline_completion;
        -:16476:#elif HAVE_LINENOISE
        -:16477:      linenoiseSetCompletionCallback(linenoise_completion);
        -:16478:#endif
        2:16479:      rc = process_input(&data, 0);
        2:16480:      if( zHistory ){
        -:16481:        shell_stifle_history(2000);
        -:16482:        shell_write_history(zHistory);
        2:16483:        free(zHistory);
        -:16484:      }
        -:16485:    }else{
    #####:16486:      rc = process_input(&data, stdin);
        -:16487:    }
        -:16488:  }
        2:16489:  set_table_name(&data, 0);
        2:16490:  if( data.db ){
        -:16491:    session_close_all(&data);
        2:16492:    close_db(data.db);
        -:16493:  }
        2:16494:  sqlite3_free(data.zFreeOnClose);
        2:16495:  find_home_dir(1);
        2:16496:  output_reset(&data);
        2:16497:  data.doXdgOpen = 0;
        2:16498:  clearTempFile(&data);
        -:16499:#if !SQLITE_SHELL_IS_UTF8
        -:16500:  for(i=0; i<argcToFree; i++) free(argvToFree[i]);
        -:16501:  free(argvToFree);
        -:16502:#endif
        -:16503:  /* Clear the global data structure so that valgrind will detect memory
        -:16504:  ** leaks */
        2:16505:  memset(&data, 0, sizeof(data));
        2:16506:  return rc;
        -:16507:}
